#
# There is insufficient memory for the Java Runtime Environment to continue.
# Native memory allocation (mmap) failed to map 145752064 bytes for G1 virtual space
# Possible reasons:
#   The system is out of physical RAM or swap space
#   The process is running with CompressedOops enabled, and the Java Heap may be blocking the growth of the native heap
# Possible solutions:
#   Reduce memory load on the system
#   Increase physical memory or swap space
#   Check if swap backing store is full
#   Decrease Java heap size (-Xmx/-Xms)
#   Decrease number of Java threads
#   Decrease Java thread stack sizes (-Xss)
#   Set larger code cache with -XX:ReservedCodeCacheSize=
#   JVM is running with Unscaled Compressed Oops mode in which the Java heap is
#     placed in the first 4GB address space. The Java Heap base address is the
#     maximum limit for the native heap growth. Please use -XX:HeapBaseMinAddress
#     to set the Java Heap base and to place the Java Heap above 4GB virtual address.
# This output file may be truncated or incomplete.
#
#  Out of Memory Error (os_windows.cpp:3825), pid=14708, tid=3640
#
# JRE version: OpenJDK Runtime Environment (17.0.10) (build 17.0.10+0--11609105)
# Java VM: OpenJDK 64-Bit Server VM (17.0.10+0--11609105, mixed mode, tiered, compressed oops, compressed class ptrs, g1 gc, windows-amd64)
# No core dump will be written. Minidumps are not enabled by default on client versions of Windows
#

---------------  S U M M A R Y ------------

Command Line: --add-opens=java.base/java.util=ALL-UNNAMED --add-opens=java.base/java.lang=ALL-UNNAMED --add-opens=java.base/java.lang.invoke=ALL-UNNAMED --add-opens=java.prefs/java.util.prefs=ALL-UNNAMED --add-opens=java.base/java.nio.charset=ALL-UNNAMED --add-opens=java.base/java.net=ALL-UNNAMED --add-opens=java.base/java.util.concurrent.atomic=ALL-UNNAMED -Xmx2048m -Dfile.encoding=UTF-8 -Duser.country=IN -Duser.language=en -Duser.variant -javaagent:C:\Users\User\.gradle\wrapper\dists\gradle-8.7-bin\bhs2wmbdwecv87pi65oeuq5iu\gradle-8.7\lib\agents\gradle-instrumentation-agent-8.7.jar org.gradle.launcher.daemon.bootstrap.GradleDaemon 8.7

Host: 11th Gen Intel(R) Core(TM) i5-1155G7 @ 2.50GHz, 8 cores, 11G,  Windows 11 , 64 bit Build 22621 (10.0.22621.3672)
Time: Mon Aug  5 10:49:12 2024 India Standard Time elapsed time: 11.298718 seconds (0d 0h 0m 11s)

---------------  T H R E A D  ---------------

Current thread (0x0000018e41b82720):  VMThread "VM Thread" [stack: 0x0000003171d00000,0x0000003171e00000] [id=3640]

Stack: [0x0000003171d00000,0x0000003171e00000]
Native frames: (J=compiled Java code, j=interpreted, Vv=VM code, C=native code)
V  [jvm.dll+0x688de9]
V  [jvm.dll+0x8423da]
V  [jvm.dll+0x84401e]
V  [jvm.dll+0x844683]
V  [jvm.dll+0x24be0f]
V  [jvm.dll+0x685bb9]
V  [jvm.dll+0x67a46a]
V  [jvm.dll+0x30cbab]
V  [jvm.dll+0x314056]
V  [jvm.dll+0x363dce]
V  [jvm.dll+0x363fff]
V  [jvm.dll+0x2e2978]
V  [jvm.dll+0x2e0b54]
V  [jvm.dll+0x2e015c]
V  [jvm.dll+0x32502b]
V  [jvm.dll+0x848d7b]
V  [jvm.dll+0x849ac1]
V  [jvm.dll+0x849fdd]
V  [jvm.dll+0x84a3b4]
V  [jvm.dll+0x84a480]
V  [jvm.dll+0x7f0c7a]
V  [jvm.dll+0x687c65]
C  [ucrtbase.dll+0x29333]
C  [KERNEL32.DLL+0x1257d]
C  [ntdll.dll+0x5af28]

VM_Operation (0x00000031734ef350): G1CollectForAllocation, mode: safepoint, requested by thread 0x0000018e47dd8910


---------------  P R O C E S S  ---------------

Threads class SMR info:
_java_thread_list=0x0000018e46e88b90, length=49, elements={
0x0000018e27d33a00, 0x0000018e41bbe7e0, 0x0000018e46041410, 0x0000018e4602cf30,
0x0000018e4602d900, 0x0000018e46077000, 0x0000018e460798e0, 0x0000018e4607c900,
0x0000018e46088810, 0x0000018e46089210, 0x0000018e4618ea40, 0x0000018e462bb8d0,
0x0000018e478efe30, 0x0000018e47e70c90, 0x0000018e47e2de00, 0x0000018e47b01600,
0x0000018e47da2b10, 0x0000018e47dd7af0, 0x0000018e47dd8910, 0x0000018e47e77f30,
0x0000018e47e78950, 0x0000018e47e77000, 0x0000018e47e77510, 0x0000018e47e79d90,
0x0000018e47e7a2a0, 0x0000018e47e79370, 0x0000018e47e7a7b0, 0x0000018e47e79880,
0x0000018e47e77a20, 0x0000018e47e78e60, 0x0000018e49444790, 0x0000018e494414f0,
0x0000018e49443860, 0x0000018e49443d70, 0x0000018e49443350, 0x0000018e4943dd40,
0x0000018e49440ad0, 0x0000018e4943d320, 0x0000018e49441f10, 0x0000018e4943f180,
0x0000018e49444280, 0x0000018e49444ca0, 0x0000018e49442420, 0x0000018e4943d830,
0x0000018e4943fba0, 0x0000018e4943e760, 0x0000018e4943ec70, 0x0000018e494400b0,
0x0000018e494405c0
}

Java Threads: ( => current thread )
  0x0000018e27d33a00 JavaThread "main" [_thread_blocked, id=13040, stack(0x0000003171700000,0x0000003171800000)]
  0x0000018e41bbe7e0 JavaThread "Reference Handler" daemon [_thread_blocked, id=600, stack(0x0000003171e00000,0x0000003171f00000)]
  0x0000018e46041410 JavaThread "Finalizer" daemon [_thread_blocked, id=11144, stack(0x0000003171f00000,0x0000003172000000)]
  0x0000018e4602cf30 JavaThread "Signal Dispatcher" daemon [_thread_blocked, id=14876, stack(0x0000003172000000,0x0000003172100000)]
  0x0000018e4602d900 JavaThread "Attach Listener" daemon [_thread_blocked, id=3896, stack(0x0000003172100000,0x0000003172200000)]
  0x0000018e46077000 JavaThread "Service Thread" daemon [_thread_blocked, id=13940, stack(0x0000003172200000,0x0000003172300000)]
  0x0000018e460798e0 JavaThread "Monitor Deflation Thread" daemon [_thread_blocked, id=12944, stack(0x0000003172300000,0x0000003172400000)]
  0x0000018e4607c900 JavaThread "C2 CompilerThread0" daemon [_thread_in_native, id=1908, stack(0x0000003172400000,0x0000003172500000)]
  0x0000018e46088810 JavaThread "C1 CompilerThread0" daemon [_thread_blocked, id=13016, stack(0x0000003172500000,0x0000003172600000)]
  0x0000018e46089210 JavaThread "Sweeper thread" daemon [_thread_blocked, id=7784, stack(0x0000003172600000,0x0000003172700000)]
  0x0000018e4618ea40 JavaThread "Common-Cleaner" daemon [_thread_blocked, id=13268, stack(0x0000003172700000,0x0000003172800000)]
  0x0000018e462bb8d0 JavaThread "Notification Thread" daemon [_thread_blocked, id=10488, stack(0x0000003172800000,0x0000003172900000)]
  0x0000018e478efe30 JavaThread "Daemon health stats" [_thread_blocked, id=8456, stack(0x0000003172e00000,0x0000003172f00000)]
  0x0000018e47e70c90 JavaThread "Incoming local TCP Connector on port 50953" [_thread_in_native, id=3088, stack(0x0000003172f00000,0x0000003173000000)]
  0x0000018e47e2de00 JavaThread "Daemon periodic checks" [_thread_blocked, id=10636, stack(0x0000003173000000,0x0000003173100000)]
  0x0000018e47b01600 JavaThread "Daemon" [_thread_blocked, id=5332, stack(0x0000003173100000,0x0000003173200000)]
  0x0000018e47da2b10 JavaThread "Handler for socket connection from /127.0.0.1:50953 to /127.0.0.1:50954" [_thread_in_native, id=7880, stack(0x0000003173200000,0x0000003173300000)]
  0x0000018e47dd7af0 JavaThread "Cancel handler" [_thread_blocked, id=13828, stack(0x0000003173300000,0x0000003173400000)]
  0x0000018e47dd8910 JavaThread "Daemon worker" [_thread_blocked, id=6384, stack(0x0000003173400000,0x0000003173500000)]
  0x0000018e47e77f30 JavaThread "Asynchronous log dispatcher for DefaultDaemonConnection: socket connection from /127.0.0.1:50953 to /127.0.0.1:50954" [_thread_blocked, id=17320, stack(0x0000003173500000,0x0000003173600000)]
  0x0000018e47e78950 JavaThread "Stdin handler" [_thread_blocked, id=15684, stack(0x0000003173600000,0x0000003173700000)]
  0x0000018e47e77000 JavaThread "Daemon client event forwarder" [_thread_blocked, id=5736, stack(0x0000003173700000,0x0000003173800000)]
  0x0000018e47e77510 JavaThread "Cache worker for journal cache (C:\Users\User\.gradle\caches\journal-1)" [_thread_blocked, id=4420, stack(0x0000003173c00000,0x0000003173d00000)]
  0x0000018e47e79d90 JavaThread "File lock request listener" [_thread_in_native, id=14180, stack(0x0000003173d00000,0x0000003173e00000)]
  0x0000018e47e7a2a0 JavaThread "Cache worker for file hash cache (C:\Users\User\.gradle\caches\8.7\fileHashes)" [_thread_blocked, id=13696, stack(0x0000003173e00000,0x0000003173f00000)]
  0x0000018e47e79370 JavaThread "Cache worker for file hash cache (D:\Vaibhav\004 ExpenseTracker\ExpenseTracker\.gradle\8.7\fileHashes)" [_thread_blocked, id=17144, stack(0x0000003173f00000,0x0000003174000000)]
  0x0000018e47e7a7b0 JavaThread "File watcher server" daemon [_thread_in_native, id=13192, stack(0x0000003174000000,0x0000003174100000)]
  0x0000018e47e79880 JavaThread "File watcher consumer" daemon [_thread_blocked, id=2068, stack(0x0000003174100000,0x0000003174200000)]
  0x0000018e47e77a20 JavaThread "jar transforms" [_thread_blocked, id=16620, stack(0x0000003174200000,0x0000003174300000)]
  0x0000018e47e78e60 JavaThread "jar transforms Thread 2" [_thread_blocked, id=12680, stack(0x0000003174300000,0x0000003174400000)]
  0x0000018e49444790 JavaThread "jar transforms Thread 3" [_thread_blocked, id=2616, stack(0x0000003174400000,0x0000003174500000)]
  0x0000018e494414f0 JavaThread "jar transforms Thread 4" [_thread_blocked, id=16264, stack(0x0000003174500000,0x0000003174600000)]
  0x0000018e49443860 JavaThread "jar transforms Thread 5" [_thread_blocked, id=2672, stack(0x0000003174600000,0x0000003174700000)]
  0x0000018e49443d70 JavaThread "jar transforms Thread 6" [_thread_blocked, id=13844, stack(0x0000003174700000,0x0000003174800000)]
  0x0000018e49443350 JavaThread "jar transforms Thread 7" [_thread_blocked, id=15076, stack(0x0000003174800000,0x0000003174900000)]
  0x0000018e4943dd40 JavaThread "jar transforms Thread 8" [_thread_blocked, id=17008, stack(0x0000003174900000,0x0000003174a00000)]
  0x0000018e49440ad0 JavaThread "Cache worker for checksums cache (D:\Vaibhav\004 ExpenseTracker\ExpenseTracker\.gradle\8.7\checksums)" [_thread_blocked, id=1020, stack(0x0000003174b00000,0x0000003174c00000)]
  0x0000018e4943d320 JavaThread "Cache worker for cache directory md-supplier (C:\Users\User\.gradle\caches\8.7\md-supplier)" [_thread_blocked, id=6980, stack(0x0000003174c00000,0x0000003174d00000)]
  0x0000018e49441f10 JavaThread "Cache worker for cache directory md-rule (C:\Users\User\.gradle\caches\8.7\md-rule)" [_thread_blocked, id=10868, stack(0x0000003174d00000,0x0000003174e00000)]
  0x0000018e4943f180 JavaThread "Cache worker for file content cache (C:\Users\User\.gradle\caches\8.7\fileContent)" [_thread_blocked, id=3448, stack(0x0000003174e00000,0x0000003174f00000)]
  0x0000018e49444280 JavaThread "Unconstrained build operations" [_thread_blocked, id=2148, stack(0x0000003174f00000,0x0000003175000000)]
  0x0000018e49444ca0 JavaThread "Unconstrained build operations Thread 2" [_thread_blocked, id=13948, stack(0x0000003175000000,0x0000003175100000)]
  0x0000018e49442420 JavaThread "Unconstrained build operations Thread 3" [_thread_blocked, id=13840, stack(0x0000003175100000,0x0000003175200000)]
  0x0000018e4943d830 JavaThread "Unconstrained build operations Thread 4" [_thread_blocked, id=5888, stack(0x0000003175200000,0x0000003175300000)]
  0x0000018e4943fba0 JavaThread "Unconstrained build operations Thread 5" [_thread_blocked, id=10088, stack(0x0000003175300000,0x0000003175400000)]
  0x0000018e4943e760 JavaThread "Unconstrained build operations Thread 6" [_thread_blocked, id=13492, stack(0x0000003175400000,0x0000003175500000)]
  0x0000018e4943ec70 JavaThread "Unconstrained build operations Thread 7" [_thread_blocked, id=12424, stack(0x0000003175500000,0x0000003175600000)]
  0x0000018e494400b0 JavaThread "Unconstrained build operations Thread 8" [_thread_blocked, id=8156, stack(0x0000003175600000,0x0000003175700000)]
  0x0000018e494405c0 JavaThread "Unconstrained build operations Thread 9" [_thread_blocked, id=11324, stack(0x0000003175700000,0x0000003175800000)]

Other Threads:
=>0x0000018e41b82720 VMThread "VM Thread" [stack: 0x0000003171d00000,0x0000003171e00000] [id=3640]
  0x0000018e462bbdb0 WatcherThread [stack: 0x0000003172900000,0x0000003172a00000] [id=17160]
  0x0000018e25b0ece0 GCTaskThread "GC Thread#0" [stack: 0x0000003171800000,0x0000003171900000] [id=2396]
  0x0000018e46e26df0 GCTaskThread "GC Thread#1" [stack: 0x0000003172b00000,0x0000003172c00000] [id=1964]
  0x0000018e46d6bed0 GCTaskThread "GC Thread#2" [stack: 0x0000003172c00000,0x0000003172d00000] [id=14120]
  0x0000018e46d6c5a0 GCTaskThread "GC Thread#3" [stack: 0x0000003172d00000,0x0000003172e00000] [id=17588]
  0x0000018e474b7290 GCTaskThread "GC Thread#4" [stack: 0x0000003172a00000,0x0000003172b00000] [id=448]
  0x0000018e47ce6020 GCTaskThread "GC Thread#5" [stack: 0x0000003173800000,0x0000003173900000] [id=11880]
  0x0000018e47d43030 GCTaskThread "GC Thread#6" [stack: 0x0000003173900000,0x0000003173a00000] [id=13812]
  0x0000018e47d432f0 GCTaskThread "GC Thread#7" [stack: 0x0000003173a00000,0x0000003173b00000] [id=17996]
  0x0000018e27d9a550 ConcurrentGCThread "G1 Main Marker" [stack: 0x0000003171900000,0x0000003171a00000] [id=1928]
  0x0000018e27d9af70 ConcurrentGCThread "G1 Conc#0" [stack: 0x0000003171a00000,0x0000003171b00000] [id=10800]
  0x0000018e47dd6dc0 ConcurrentGCThread "G1 Conc#1" [stack: 0x0000003173b00000,0x0000003173c00000] [id=5240]
  0x0000018e27dddff0 ConcurrentGCThread "G1 Refine#0" [stack: 0x0000003171b00000,0x0000003171c00000] [id=10484]
  0x0000018e48ad6480 ConcurrentGCThread "G1 Refine#1" [stack: 0x0000003174a00000,0x0000003174b00000] [id=8412]
  0x0000018e49cf1c70 ConcurrentGCThread "G1 Refine#2" [stack: 0x0000003175800000,0x0000003175900000] [id=12392]
  0x0000018e49cf1980 ConcurrentGCThread "G1 Refine#3" [stack: 0x0000003175900000,0x0000003175a00000] [id=5852]
  0x0000018e4a18f150 ConcurrentGCThread "G1 Refine#4" [stack: 0x0000003175a00000,0x0000003175b00000] [id=11088]
  0x0000018e4a1911a0 ConcurrentGCThread "G1 Refine#5" [stack: 0x0000003175b00000,0x0000003175c00000] [id=5984]
  0x0000018e4a190000 ConcurrentGCThread "G1 Refine#6" [stack: 0x0000003175c00000,0x0000003175d00000] [id=876]
  0x0000018e4a18dfb0 ConcurrentGCThread "G1 Refine#7" [stack: 0x0000003175d00000,0x0000003175e00000] [id=3860]
  0x0000018e27ddea20 ConcurrentGCThread "G1 Service" [stack: 0x0000003171c00000,0x0000003171d00000] [id=1968]

Threads with active compile tasks:
C2 CompilerThread0    11328 6212       4       org.jetbrains.kotlin.metadata.ProtoBuf$Type::isInitialized (145 bytes)

VM state: at safepoint (normal execution)

VM Mutex/Monitor currently owned by a thread:  ([mutex/lock_event])
[0x0000018e27d30810] Threads_lock - owner thread: 0x0000018e41b82720
[0x0000018e27d30930] Heap_lock - owner thread: 0x0000018e47dd8910

Heap address: 0x0000000080000000, size: 2048 MB, Compressed Oops mode: 32-bit

CDS archive(s) not mapped
Compressed class space mapped at: 0x0000000100000000-0x0000000140000000, reserved size: 1073741824
Narrow klass base: 0x0000000000000000, Narrow klass shift: 3, Narrow klass range: 0x140000000

GC Precious Log:
 CPUs: 8 total, 8 available
 Memory: 11930M
 Large Page Support: Disabled
 NUMA Support: Disabled
 Compressed Oops: Enabled (32-bit)
 Heap Region Size: 1M
 Heap Min Capacity: 8M
 Heap Initial Capacity: 188M
 Heap Max Capacity: 2G
 Pre-touch: Disabled
 Parallel Workers: 8
 Concurrent Workers: 2
 Concurrent Refinement Workers: 8
 Periodic GC: Disabled

Heap:
 garbage-first heap   total 192512K, used 102023K [0x0000000080000000, 0x0000000100000000)
  region size 1024K, 2 young (2048K), 2 survivors (2048K)
 Metaspace       used 91914K, committed 92608K, reserved 1179648K
  class space    used 12294K, committed 12608K, reserved 1048576K

Heap Regions: E=young(eden), S=young(survivor), O=old, HS=humongous(starts), HC=humongous(continues), CS=collection set, F=free, OA=open archive, CA=closed archive, TAMS=top-at-mark-start (previous, next)
|   0|0x0000000080000000, 0x0000000080100000, 0x0000000080100000|100%|HS|  |TAMS 0x0000000080100000, 0x0000000080100000| Complete 
|   1|0x0000000080100000, 0x0000000080200000, 0x0000000080200000|100%|HC|  |TAMS 0x0000000080200000, 0x0000000080200000| Complete 
|   2|0x0000000080200000, 0x0000000080300000, 0x0000000080300000|100%|HC|  |TAMS 0x0000000080300000, 0x0000000080300000| Complete 
|   3|0x0000000080300000, 0x0000000080400000, 0x0000000080400000|100%|HC|  |TAMS 0x0000000080400000, 0x0000000080400000| Complete 
|   4|0x0000000080400000, 0x0000000080500000, 0x0000000080500000|100%| O|  |TAMS 0x0000000080500000, 0x0000000080500000| Untracked 
|   5|0x0000000080500000, 0x0000000080600000, 0x0000000080600000|100%| O|  |TAMS 0x0000000080600000, 0x0000000080600000| Untracked 
|   6|0x0000000080600000, 0x0000000080700000, 0x0000000080700000|100%| O|  |TAMS 0x0000000080700000, 0x0000000080700000| Untracked 
|   7|0x0000000080700000, 0x0000000080800000, 0x0000000080800000|100%| O|  |TAMS 0x0000000080800000, 0x0000000080800000| Untracked 
|   8|0x0000000080800000, 0x0000000080900000, 0x0000000080900000|100%| O|  |TAMS 0x0000000080900000, 0x0000000080900000| Untracked 
|   9|0x0000000080900000, 0x0000000080a00000, 0x0000000080a00000|100%| O|  |TAMS 0x0000000080a00000, 0x0000000080a00000| Untracked 
|  10|0x0000000080a00000, 0x0000000080b00000, 0x0000000080b00000|100%|HS|  |TAMS 0x0000000080b00000, 0x0000000080b00000| Complete 
|  11|0x0000000080b00000, 0x0000000080c00000, 0x0000000080c00000|100%| O|  |TAMS 0x0000000080c00000, 0x0000000080c00000| Untracked 
|  12|0x0000000080c00000, 0x0000000080d00000, 0x0000000080d00000|100%| O|  |TAMS 0x0000000080d00000, 0x0000000080d00000| Untracked 
|  13|0x0000000080d00000, 0x0000000080e00000, 0x0000000080e00000|100%| O|  |TAMS 0x0000000080e00000, 0x0000000080e00000| Untracked 
|  14|0x0000000080e00000, 0x0000000080f00000, 0x0000000080f00000|100%| O|  |TAMS 0x0000000080f00000, 0x0000000080f00000| Untracked 
|  15|0x0000000080f00000, 0x0000000081000000, 0x0000000081000000|100%| O|  |TAMS 0x0000000081000000, 0x0000000081000000| Untracked 
|  16|0x0000000081000000, 0x0000000081100000, 0x0000000081100000|100%| O|  |TAMS 0x0000000081100000, 0x0000000081100000| Untracked 
|  17|0x0000000081100000, 0x0000000081200000, 0x0000000081200000|100%| O|  |TAMS 0x0000000081200000, 0x0000000081200000| Untracked 
|  18|0x0000000081200000, 0x0000000081300000, 0x0000000081300000|100%| O|  |TAMS 0x0000000081300000, 0x0000000081300000| Untracked 
|  19|0x0000000081300000, 0x0000000081400000, 0x0000000081400000|100%| O|  |TAMS 0x0000000081400000, 0x0000000081400000| Untracked 
|  20|0x0000000081400000, 0x0000000081500000, 0x0000000081500000|100%|HS|  |TAMS 0x0000000081500000, 0x0000000081500000| Complete 
|  21|0x0000000081500000, 0x0000000081600000, 0x0000000081600000|100%|HC|  |TAMS 0x0000000081600000, 0x0000000081600000| Complete 
|  22|0x0000000081600000, 0x0000000081700000, 0x0000000081700000|100%|HC|  |TAMS 0x0000000081700000, 0x0000000081700000| Complete 
|  23|0x0000000081700000, 0x0000000081800000, 0x0000000081800000|100%|HC|  |TAMS 0x0000000081800000, 0x0000000081800000| Complete 
|  24|0x0000000081800000, 0x0000000081900000, 0x0000000081900000|100%|HC|  |TAMS 0x0000000081900000, 0x0000000081900000| Complete 
|  25|0x0000000081900000, 0x0000000081a00000, 0x0000000081a00000|100%|HS|  |TAMS 0x0000000081a00000, 0x0000000081a00000| Complete 
|  26|0x0000000081a00000, 0x0000000081b00000, 0x0000000081b00000|100%|HC|  |TAMS 0x0000000081b00000, 0x0000000081b00000| Complete 
|  27|0x0000000081b00000, 0x0000000081c00000, 0x0000000081c00000|100%|HC|  |TAMS 0x0000000081c00000, 0x0000000081c00000| Complete 
|  28|0x0000000081c00000, 0x0000000081d00000, 0x0000000081d00000|100%|HS|  |TAMS 0x0000000081d00000, 0x0000000081d00000| Complete 
|  29|0x0000000081d00000, 0x0000000081e00000, 0x0000000081e00000|100%|HC|  |TAMS 0x0000000081e00000, 0x0000000081e00000| Complete 
|  30|0x0000000081e00000, 0x0000000081f00000, 0x0000000081f00000|100%|HC|  |TAMS 0x0000000081f00000, 0x0000000081f00000| Complete 
|  31|0x0000000081f00000, 0x0000000082000000, 0x0000000082000000|100%| O|  |TAMS 0x0000000082000000, 0x0000000082000000| Untracked 
|  32|0x0000000082000000, 0x0000000082100000, 0x0000000082100000|100%| O|  |TAMS 0x0000000082100000, 0x0000000082100000| Untracked 
|  33|0x0000000082100000, 0x0000000082200000, 0x0000000082200000|100%| O|  |TAMS 0x0000000082200000, 0x0000000082200000| Untracked 
|  34|0x0000000082200000, 0x0000000082300000, 0x0000000082300000|100%|HS|  |TAMS 0x0000000082300000, 0x0000000082300000| Complete 
|  35|0x0000000082300000, 0x0000000082400000, 0x0000000082400000|100%| O|  |TAMS 0x0000000082400000, 0x0000000082400000| Untracked 
|  36|0x0000000082400000, 0x0000000082500000, 0x0000000082500000|100%| O|  |TAMS 0x0000000082500000, 0x0000000082500000| Untracked 
|  37|0x0000000082500000, 0x0000000082600000, 0x0000000082600000|100%| O|  |TAMS 0x0000000082600000, 0x0000000082600000| Untracked 
|  38|0x0000000082600000, 0x0000000082700000, 0x0000000082700000|100%| O|  |TAMS 0x0000000082700000, 0x0000000082700000| Untracked 
|  39|0x0000000082700000, 0x0000000082800000, 0x0000000082800000|100%| O|  |TAMS 0x0000000082800000, 0x0000000082800000| Untracked 
|  40|0x0000000082800000, 0x0000000082900000, 0x0000000082900000|100%| O|  |TAMS 0x0000000082900000, 0x0000000082900000| Untracked 
|  41|0x0000000082900000, 0x0000000082a00000, 0x0000000082a00000|100%| O|  |TAMS 0x0000000082a00000, 0x0000000082a00000| Untracked 
|  42|0x0000000082a00000, 0x0000000082b00000, 0x0000000082b00000|100%| O|  |TAMS 0x0000000082b00000, 0x0000000082b00000| Untracked 
|  43|0x0000000082b00000, 0x0000000082c00000, 0x0000000082c00000|100%| O|  |TAMS 0x0000000082c00000, 0x0000000082c00000| Untracked 
|  44|0x0000000082c00000, 0x0000000082d00000, 0x0000000082d00000|100%| O|  |TAMS 0x0000000082d00000, 0x0000000082d00000| Untracked 
|  45|0x0000000082d00000, 0x0000000082e00000, 0x0000000082e00000|100%| O|  |TAMS 0x0000000082e00000, 0x0000000082e00000| Untracked 
|  46|0x0000000082e00000, 0x0000000082f00000, 0x0000000082f00000|100%|HS|  |TAMS 0x0000000082f00000, 0x0000000082f00000| Complete 
|  47|0x0000000082f00000, 0x0000000083000000, 0x0000000083000000|100%|HC|  |TAMS 0x0000000083000000, 0x0000000083000000| Complete 
|  48|0x0000000083000000, 0x0000000083100000, 0x0000000083100000|100%|HC|  |TAMS 0x0000000083100000, 0x0000000083100000| Complete 
|  49|0x0000000083100000, 0x0000000083200000, 0x0000000083200000|100%| O|  |TAMS 0x0000000083200000, 0x0000000083200000| Untracked 
|  50|0x0000000083200000, 0x0000000083300000, 0x0000000083300000|100%| O|  |TAMS 0x0000000083300000, 0x0000000083300000| Untracked 
|  51|0x0000000083300000, 0x0000000083400000, 0x0000000083400000|100%|HS|  |TAMS 0x0000000083400000, 0x0000000083400000| Complete 
|  52|0x0000000083400000, 0x0000000083500000, 0x0000000083500000|100%|HC|  |TAMS 0x0000000083500000, 0x0000000083500000| Complete 
|  53|0x0000000083500000, 0x0000000083600000, 0x0000000083600000|100%|HC|  |TAMS 0x0000000083600000, 0x0000000083600000| Complete 
|  54|0x0000000083600000, 0x0000000083700000, 0x0000000083700000|100%|HC|  |TAMS 0x0000000083700000, 0x0000000083700000| Complete 
|  55|0x0000000083700000, 0x0000000083800000, 0x0000000083800000|100%|HC|  |TAMS 0x0000000083800000, 0x0000000083800000| Complete 
|  56|0x0000000083800000, 0x0000000083900000, 0x0000000083900000|100%| O|  |TAMS 0x0000000083900000, 0x0000000083900000| Untracked 
|  57|0x0000000083900000, 0x0000000083a00000, 0x0000000083a00000|100%| O|  |TAMS 0x0000000083a00000, 0x0000000083a00000| Untracked 
|  58|0x0000000083a00000, 0x0000000083b00000, 0x0000000083b00000|100%| O|  |TAMS 0x0000000083b00000, 0x0000000083b00000| Untracked 
|  59|0x0000000083b00000, 0x0000000083c00000, 0x0000000083c00000|100%|HS|  |TAMS 0x0000000083c00000, 0x0000000083c00000| Complete 
|  60|0x0000000083c00000, 0x0000000083d00000, 0x0000000083d00000|100%|HC|  |TAMS 0x0000000083d00000, 0x0000000083d00000| Complete 
|  61|0x0000000083d00000, 0x0000000083e00000, 0x0000000083e00000|100%|HC|  |TAMS 0x0000000083e00000, 0x0000000083e00000| Complete 
|  62|0x0000000083e00000, 0x0000000083f00000, 0x0000000083f00000|100%|HC|  |TAMS 0x0000000083f00000, 0x0000000083f00000| Complete 
|  63|0x0000000083f00000, 0x0000000084000000, 0x0000000084000000|100%|HC|  |TAMS 0x0000000084000000, 0x0000000084000000| Complete 
|  64|0x0000000084000000, 0x0000000084100000, 0x0000000084100000|100%| O|  |TAMS 0x0000000084100000, 0x0000000084100000| Untracked 
|  65|0x0000000084100000, 0x0000000084100000, 0x0000000084200000|  0%| F|  |TAMS 0x0000000084100000, 0x0000000084100000| Untracked 
|  66|0x0000000084200000, 0x0000000084300000, 0x0000000084300000|100%| O|  |TAMS 0x0000000084300000, 0x0000000084300000| Untracked 
|  67|0x0000000084300000, 0x0000000084400000, 0x0000000084400000|100%| O|  |TAMS 0x0000000084400000, 0x0000000084400000| Untracked 
|  68|0x0000000084400000, 0x0000000084500000, 0x0000000084500000|100%| O|  |TAMS 0x0000000084500000, 0x0000000084500000| Untracked 
|  69|0x0000000084500000, 0x0000000084600000, 0x0000000084600000|100%| O|  |TAMS 0x0000000084600000, 0x0000000084600000| Untracked 
|  70|0x0000000084600000, 0x0000000084700000, 0x0000000084700000|100%| O|  |TAMS 0x0000000084700000, 0x0000000084700000| Untracked 
|  71|0x0000000084700000, 0x0000000084800000, 0x0000000084800000|100%|HS|  |TAMS 0x0000000084800000, 0x0000000084800000| Complete 
|  72|0x0000000084800000, 0x0000000084900000, 0x0000000084900000|100%|HC|  |TAMS 0x0000000084900000, 0x0000000084900000| Complete 
|  73|0x0000000084900000, 0x0000000084a00000, 0x0000000084a00000|100%|HC|  |TAMS 0x0000000084a00000, 0x0000000084a00000| Complete 
|  74|0x0000000084a00000, 0x0000000084b00000, 0x0000000084b00000|100%|HC|  |TAMS 0x0000000084b00000, 0x0000000084b00000| Complete 
|  75|0x0000000084b00000, 0x0000000084c00000, 0x0000000084c00000|100%|HC|  |TAMS 0x0000000084c00000, 0x0000000084c00000| Complete 
|  76|0x0000000084c00000, 0x0000000084d00000, 0x0000000084d00000|100%|HC|  |TAMS 0x0000000084d00000, 0x0000000084d00000| Complete 
|  77|0x0000000084d00000, 0x0000000084e00000, 0x0000000084e00000|100%| O|  |TAMS 0x0000000084e00000, 0x0000000084e00000| Untracked 
|  78|0x0000000084e00000, 0x0000000084f00000, 0x0000000084f00000|100%| O|  |TAMS 0x0000000084f00000, 0x0000000084f00000| Untracked 
|  79|0x0000000084f00000, 0x0000000085000000, 0x0000000085000000|100%| O|  |TAMS 0x0000000085000000, 0x0000000085000000| Untracked 
|  80|0x0000000085000000, 0x0000000085100000, 0x0000000085100000|100%| O|  |TAMS 0x0000000085100000, 0x0000000085100000| Untracked 
|  81|0x0000000085100000, 0x0000000085200000, 0x0000000085200000|100%| O|  |TAMS 0x0000000085200000, 0x0000000085200000| Untracked 
|  82|0x0000000085200000, 0x0000000085300000, 0x0000000085300000|100%| O|  |TAMS 0x0000000085300000, 0x0000000085300000| Untracked 
|  83|0x0000000085300000, 0x0000000085400000, 0x0000000085400000|100%| O|  |TAMS 0x0000000085400000, 0x0000000085400000| Untracked 
|  84|0x0000000085400000, 0x0000000085500000, 0x0000000085500000|100%| O|  |TAMS 0x0000000085500000, 0x0000000085500000| Untracked 
|  85|0x0000000085500000, 0x0000000085600000, 0x0000000085600000|100%| O|  |TAMS 0x0000000085600000, 0x0000000085600000| Untracked 
|  86|0x0000000085600000, 0x0000000085700000, 0x0000000085700000|100%| O|  |TAMS 0x0000000085700000, 0x0000000085700000| Untracked 
|  87|0x0000000085700000, 0x0000000085800000, 0x0000000085800000|100%| O|  |TAMS 0x0000000085783200, 0x0000000085800000| Untracked 
|  88|0x0000000085800000, 0x0000000085900000, 0x0000000085900000|100%| O|  |TAMS 0x0000000085800000, 0x0000000085900000| Untracked 
|  89|0x0000000085900000, 0x0000000085a00000, 0x0000000085a00000|100%| O|  |TAMS 0x0000000085900000, 0x0000000085a00000| Untracked 
|  90|0x0000000085a00000, 0x0000000085b00000, 0x0000000085b00000|100%| O|  |TAMS 0x0000000085a00000, 0x0000000085b00000| Untracked 
|  91|0x0000000085b00000, 0x0000000085c00000, 0x0000000085c00000|100%| O|  |TAMS 0x0000000085b00000, 0x0000000085c00000| Untracked 
|  92|0x0000000085c00000, 0x0000000085d00000, 0x0000000085d00000|100%| O|  |TAMS 0x0000000085c00000, 0x0000000085d00000| Untracked 
|  93|0x0000000085d00000, 0x0000000085e00000, 0x0000000085e00000|100%| O|  |TAMS 0x0000000085d00000, 0x0000000085e00000| Untracked 
|  94|0x0000000085e00000, 0x0000000085f00000, 0x0000000085f00000|100%| O|  |TAMS 0x0000000085e00000, 0x0000000085f00000| Untracked 
|  95|0x0000000085f00000, 0x0000000086000000, 0x0000000086000000|100%| O|  |TAMS 0x0000000085f00000, 0x0000000086000000| Untracked 
|  96|0x0000000086000000, 0x0000000086100000, 0x0000000086100000|100%| O|  |TAMS 0x0000000086000000, 0x0000000086100000| Untracked 
|  97|0x0000000086100000, 0x0000000086200000, 0x0000000086200000|100%| O|  |TAMS 0x0000000086100000, 0x0000000086200000| Untracked 
|  98|0x0000000086200000, 0x00000000862a6800, 0x0000000086300000| 65%| O|  |TAMS 0x0000000086200000, 0x00000000862a6800| Untracked 
|  99|0x0000000086300000, 0x0000000086300000, 0x0000000086400000|  0%| F|  |TAMS 0x0000000086300000, 0x0000000086300000| Untracked 
| 100|0x0000000086400000, 0x0000000086400000, 0x0000000086500000|  0%| F|  |TAMS 0x0000000086400000, 0x0000000086400000| Untracked 
| 101|0x0000000086500000, 0x0000000086500000, 0x0000000086600000|  0%| F|  |TAMS 0x0000000086500000, 0x0000000086500000| Untracked 
| 102|0x0000000086600000, 0x0000000086600000, 0x0000000086700000|  0%| F|  |TAMS 0x0000000086600000, 0x0000000086600000| Untracked 
| 103|0x0000000086700000, 0x0000000086700000, 0x0000000086800000|  0%| F|  |TAMS 0x0000000086700000, 0x0000000086700000| Untracked 
| 104|0x0000000086800000, 0x0000000086800000, 0x0000000086900000|  0%| F|  |TAMS 0x0000000086800000, 0x0000000086800000| Untracked 
| 105|0x0000000086900000, 0x0000000086900000, 0x0000000086a00000|  0%| F|  |TAMS 0x0000000086900000, 0x0000000086900000| Untracked 
| 106|0x0000000086a00000, 0x0000000086a00000, 0x0000000086b00000|  0%| F|  |TAMS 0x0000000086a00000, 0x0000000086a00000| Untracked 
| 107|0x0000000086b00000, 0x0000000086b00000, 0x0000000086c00000|  0%| F|  |TAMS 0x0000000086b00000, 0x0000000086b00000| Untracked 
| 108|0x0000000086c00000, 0x0000000086c00000, 0x0000000086d00000|  0%| F|  |TAMS 0x0000000086c00000, 0x0000000086c00000| Untracked 
| 109|0x0000000086d00000, 0x0000000086d00000, 0x0000000086e00000|  0%| F|  |TAMS 0x0000000086d00000, 0x0000000086d00000| Untracked 
| 110|0x0000000086e00000, 0x0000000086e00000, 0x0000000086f00000|  0%| F|  |TAMS 0x0000000086e00000, 0x0000000086e00000| Untracked 
| 111|0x0000000086f00000, 0x0000000086f00000, 0x0000000087000000|  0%| F|  |TAMS 0x0000000086f00000, 0x0000000086f00000| Untracked 
| 112|0x0000000087000000, 0x0000000087000000, 0x0000000087100000|  0%| F|  |TAMS 0x0000000087000000, 0x0000000087000000| Untracked 
| 113|0x0000000087100000, 0x0000000087100000, 0x0000000087200000|  0%| F|  |TAMS 0x0000000087100000, 0x0000000087100000| Untracked 
| 114|0x0000000087200000, 0x0000000087200000, 0x0000000087300000|  0%| F|  |TAMS 0x0000000087200000, 0x0000000087200000| Untracked 
| 115|0x0000000087300000, 0x0000000087300000, 0x0000000087400000|  0%| F|  |TAMS 0x0000000087300000, 0x0000000087300000| Untracked 
| 116|0x0000000087400000, 0x0000000087400000, 0x0000000087500000|  0%| F|  |TAMS 0x0000000087400000, 0x0000000087400000| Untracked 
| 117|0x0000000087500000, 0x0000000087500000, 0x0000000087600000|  0%| F|  |TAMS 0x0000000087500000, 0x0000000087500000| Untracked 
| 118|0x0000000087600000, 0x0000000087600000, 0x0000000087700000|  0%| F|  |TAMS 0x0000000087600000, 0x0000000087600000| Untracked 
| 119|0x0000000087700000, 0x0000000087700000, 0x0000000087800000|  0%| F|  |TAMS 0x0000000087700000, 0x0000000087700000| Untracked 
| 120|0x0000000087800000, 0x0000000087800000, 0x0000000087900000|  0%| F|  |TAMS 0x0000000087800000, 0x0000000087800000| Untracked 
| 121|0x0000000087900000, 0x0000000087900000, 0x0000000087a00000|  0%| F|  |TAMS 0x0000000087900000, 0x0000000087900000| Untracked 
| 122|0x0000000087a00000, 0x0000000087a00000, 0x0000000087b00000|  0%| F|  |TAMS 0x0000000087a00000, 0x0000000087a00000| Untracked 
| 123|0x0000000087b00000, 0x0000000087b00000, 0x0000000087c00000|  0%| F|  |TAMS 0x0000000087b00000, 0x0000000087b00000| Untracked 
| 124|0x0000000087c00000, 0x0000000087c00000, 0x0000000087d00000|  0%| F|  |TAMS 0x0000000087c00000, 0x0000000087c00000| Untracked 
| 125|0x0000000087d00000, 0x0000000087dfb498, 0x0000000087e00000| 98%| S|CS|TAMS 0x0000000087d00000, 0x0000000087d00000| Complete 
| 126|0x0000000087e00000, 0x0000000087f00000, 0x0000000087f00000|100%| S|CS|TAMS 0x0000000087e00000, 0x0000000087e00000| Complete 
| 127|0x0000000087f00000, 0x0000000087f00000, 0x0000000088000000|  0%| F|  |TAMS 0x0000000087f00000, 0x0000000087f00000| Untracked 
| 128|0x0000000088000000, 0x0000000088000000, 0x0000000088100000|  0%| F|  |TAMS 0x0000000088000000, 0x0000000088000000| Untracked 
| 129|0x0000000088100000, 0x0000000088100000, 0x0000000088200000|  0%| F|  |TAMS 0x0000000088100000, 0x0000000088100000| Untracked 
| 130|0x0000000088200000, 0x0000000088200000, 0x0000000088300000|  0%| F|  |TAMS 0x0000000088200000, 0x0000000088200000| Untracked 
| 131|0x0000000088300000, 0x0000000088300000, 0x0000000088400000|  0%| F|  |TAMS 0x0000000088300000, 0x0000000088300000| Untracked 
| 132|0x0000000088400000, 0x0000000088400000, 0x0000000088500000|  0%| F|  |TAMS 0x0000000088400000, 0x0000000088400000| Untracked 
| 133|0x0000000088500000, 0x0000000088500000, 0x0000000088600000|  0%| F|  |TAMS 0x0000000088500000, 0x0000000088500000| Untracked 
| 134|0x0000000088600000, 0x0000000088600000, 0x0000000088700000|  0%| F|  |TAMS 0x0000000088600000, 0x0000000088600000| Untracked 
| 135|0x0000000088700000, 0x0000000088700000, 0x0000000088800000|  0%| F|  |TAMS 0x0000000088700000, 0x0000000088700000| Untracked 
| 136|0x0000000088800000, 0x0000000088800000, 0x0000000088900000|  0%| F|  |TAMS 0x0000000088800000, 0x0000000088800000| Untracked 
| 137|0x0000000088900000, 0x0000000088900000, 0x0000000088a00000|  0%| F|  |TAMS 0x0000000088900000, 0x0000000088900000| Untracked 
| 138|0x0000000088a00000, 0x0000000088a00000, 0x0000000088b00000|  0%| F|  |TAMS 0x0000000088a00000, 0x0000000088a00000| Untracked 
| 139|0x0000000088b00000, 0x0000000088b00000, 0x0000000088c00000|  0%| F|  |TAMS 0x0000000088b00000, 0x0000000088b00000| Untracked 
| 140|0x0000000088c00000, 0x0000000088c00000, 0x0000000088d00000|  0%| F|  |TAMS 0x0000000088c00000, 0x0000000088c00000| Untracked 
| 141|0x0000000088d00000, 0x0000000088d00000, 0x0000000088e00000|  0%| F|  |TAMS 0x0000000088d00000, 0x0000000088d00000| Untracked 
| 142|0x0000000088e00000, 0x0000000088e00000, 0x0000000088f00000|  0%| F|  |TAMS 0x0000000088e00000, 0x0000000088e00000| Untracked 
| 143|0x0000000088f00000, 0x0000000088f00000, 0x0000000089000000|  0%| F|  |TAMS 0x0000000088f00000, 0x0000000088f00000| Untracked 
| 144|0x0000000089000000, 0x0000000089000000, 0x0000000089100000|  0%| F|  |TAMS 0x0000000089000000, 0x0000000089000000| Untracked 
| 145|0x0000000089100000, 0x0000000089100000, 0x0000000089200000|  0%| F|  |TAMS 0x0000000089100000, 0x0000000089100000| Untracked 
| 146|0x0000000089200000, 0x0000000089200000, 0x0000000089300000|  0%| F|  |TAMS 0x0000000089200000, 0x0000000089200000| Untracked 
| 147|0x0000000089300000, 0x0000000089300000, 0x0000000089400000|  0%| F|  |TAMS 0x0000000089300000, 0x0000000089300000| Untracked 
| 148|0x0000000089400000, 0x0000000089400000, 0x0000000089500000|  0%| F|  |TAMS 0x0000000089400000, 0x0000000089400000| Untracked 
| 149|0x0000000089500000, 0x0000000089500000, 0x0000000089600000|  0%| F|  |TAMS 0x0000000089500000, 0x0000000089500000| Untracked 
| 150|0x0000000089600000, 0x0000000089600000, 0x0000000089700000|  0%| F|  |TAMS 0x0000000089600000, 0x0000000089600000| Untracked 
| 151|0x0000000089700000, 0x0000000089700000, 0x0000000089800000|  0%| F|  |TAMS 0x0000000089700000, 0x0000000089700000| Untracked 
| 152|0x0000000089800000, 0x0000000089800000, 0x0000000089900000|  0%| F|  |TAMS 0x0000000089800000, 0x0000000089800000| Untracked 
| 153|0x0000000089900000, 0x0000000089900000, 0x0000000089a00000|  0%| F|  |TAMS 0x0000000089900000, 0x0000000089900000| Untracked 
| 154|0x0000000089a00000, 0x0000000089a00000, 0x0000000089b00000|  0%| F|  |TAMS 0x0000000089a00000, 0x0000000089a00000| Untracked 
| 155|0x0000000089b00000, 0x0000000089b00000, 0x0000000089c00000|  0%| F|  |TAMS 0x0000000089b00000, 0x0000000089b00000| Untracked 
| 156|0x0000000089c00000, 0x0000000089c00000, 0x0000000089d00000|  0%| F|  |TAMS 0x0000000089c00000, 0x0000000089c00000| Untracked 
| 157|0x0000000089d00000, 0x0000000089d00000, 0x0000000089e00000|  0%| F|  |TAMS 0x0000000089d00000, 0x0000000089d00000| Untracked 
| 158|0x0000000089e00000, 0x0000000089e00000, 0x0000000089f00000|  0%| F|  |TAMS 0x0000000089e00000, 0x0000000089e00000| Untracked 
| 159|0x0000000089f00000, 0x0000000089f00000, 0x000000008a000000|  0%| F|  |TAMS 0x0000000089f00000, 0x0000000089f00000| Untracked 
| 160|0x000000008a000000, 0x000000008a000000, 0x000000008a100000|  0%| F|  |TAMS 0x000000008a000000, 0x000000008a000000| Untracked 
| 161|0x000000008a100000, 0x000000008a100000, 0x000000008a200000|  0%| F|  |TAMS 0x000000008a100000, 0x000000008a100000| Untracked 
| 162|0x000000008a200000, 0x000000008a200000, 0x000000008a300000|  0%| F|  |TAMS 0x000000008a200000, 0x000000008a200000| Untracked 
| 163|0x000000008a300000, 0x000000008a300000, 0x000000008a400000|  0%| F|  |TAMS 0x000000008a300000, 0x000000008a300000| Untracked 
| 164|0x000000008a400000, 0x000000008a400000, 0x000000008a500000|  0%| F|  |TAMS 0x000000008a400000, 0x000000008a400000| Untracked 
| 165|0x000000008a500000, 0x000000008a500000, 0x000000008a600000|  0%| F|  |TAMS 0x000000008a500000, 0x000000008a500000| Untracked 
| 166|0x000000008a600000, 0x000000008a600000, 0x000000008a700000|  0%| F|  |TAMS 0x000000008a600000, 0x000000008a600000| Untracked 
| 167|0x000000008a700000, 0x000000008a700000, 0x000000008a800000|  0%| F|  |TAMS 0x000000008a700000, 0x000000008a700000| Untracked 
| 168|0x000000008a800000, 0x000000008a800000, 0x000000008a900000|  0%| F|  |TAMS 0x000000008a800000, 0x000000008a800000| Untracked 
| 169|0x000000008a900000, 0x000000008a900000, 0x000000008aa00000|  0%| F|  |TAMS 0x000000008a900000, 0x000000008a900000| Untracked 
| 170|0x000000008aa00000, 0x000000008aa00000, 0x000000008ab00000|  0%| F|  |TAMS 0x000000008aa00000, 0x000000008aa00000| Untracked 
| 171|0x000000008ab00000, 0x000000008ab00000, 0x000000008ac00000|  0%| F|  |TAMS 0x000000008ab00000, 0x000000008ab00000| Untracked 
| 172|0x000000008ac00000, 0x000000008ac00000, 0x000000008ad00000|  0%| F|  |TAMS 0x000000008ac00000, 0x000000008ac00000| Untracked 
| 173|0x000000008ad00000, 0x000000008ad00000, 0x000000008ae00000|  0%| F|  |TAMS 0x000000008ad00000, 0x000000008ad00000| Untracked 
| 174|0x000000008ae00000, 0x000000008ae00000, 0x000000008af00000|  0%| F|  |TAMS 0x000000008ae00000, 0x000000008ae00000| Untracked 
| 175|0x000000008af00000, 0x000000008af00000, 0x000000008b000000|  0%| F|  |TAMS 0x000000008af00000, 0x000000008af00000| Untracked 
| 176|0x000000008b000000, 0x000000008b000000, 0x000000008b100000|  0%| F|  |TAMS 0x000000008b000000, 0x000000008b000000| Untracked 
| 177|0x000000008b100000, 0x000000008b100000, 0x000000008b200000|  0%| F|  |TAMS 0x000000008b100000, 0x000000008b100000| Untracked 
| 178|0x000000008b200000, 0x000000008b200000, 0x000000008b300000|  0%| F|  |TAMS 0x000000008b200000, 0x000000008b200000| Untracked 
| 179|0x000000008b300000, 0x000000008b300000, 0x000000008b400000|  0%| F|  |TAMS 0x000000008b300000, 0x000000008b300000| Untracked 
| 180|0x000000008b400000, 0x000000008b400000, 0x000000008b500000|  0%| F|  |TAMS 0x000000008b400000, 0x000000008b400000| Untracked 
| 181|0x000000008b500000, 0x000000008b500000, 0x000000008b600000|  0%| F|  |TAMS 0x000000008b500000, 0x000000008b500000| Untracked 
| 182|0x000000008b600000, 0x000000008b600000, 0x000000008b700000|  0%| F|  |TAMS 0x000000008b600000, 0x000000008b600000| Untracked 
| 183|0x000000008b700000, 0x000000008b700000, 0x000000008b800000|  0%| F|  |TAMS 0x000000008b700000, 0x000000008b700000| Untracked 
| 184|0x000000008b800000, 0x000000008b800000, 0x000000008b900000|  0%| F|  |TAMS 0x000000008b800000, 0x000000008b800000| Untracked 
| 185|0x000000008b900000, 0x000000008b900000, 0x000000008ba00000|  0%| F|  |TAMS 0x000000008b900000, 0x000000008b900000| Untracked 
| 186|0x000000008ba00000, 0x000000008ba00000, 0x000000008bb00000|  0%| F|  |TAMS 0x000000008ba00000, 0x000000008ba00000| Untracked 
| 187|0x000000008bb00000, 0x000000008bb00000, 0x000000008bc00000|  0%| F|  |TAMS 0x000000008bb00000, 0x000000008bb00000| Untracked 

Card table byte_map: [0x0000018e3a930000,0x0000018e3ad30000] _byte_map_base: 0x0000018e3a530000

Marking Bits (Prev, Next): (CMBitMap*) 0x0000018e27d89c60, (CMBitMap*) 0x0000018e27d89c20
 Prev Bits: [0x0000018e3d130000, 0x0000018e3f130000)
 Next Bits: [0x0000018e3b130000, 0x0000018e3d130000)

Polling page: 0x0000018e25ce0000

Metaspace:

Usage:
  Non-class:     77.75 MB used.
      Class:     12.01 MB used.
       Both:     89.76 MB used.

Virtual space:
  Non-class space:      128.00 MB reserved,      78.12 MB ( 61%) committed,  2 nodes.
      Class space:        1.00 GB reserved,      12.31 MB (  1%) committed,  1 nodes.
             Both:        1.12 GB reserved,      90.44 MB (  8%) committed. 

Chunk freelists:
   Non-Class:  1.34 MB
       Class:  3.73 MB
        Both:  5.08 MB

MaxMetaspaceSize: unlimited
CompressedClassSpaceSize: 1.00 GB
Initial GC threshold: 21.00 MB
Current GC threshold: 140.31 MB
CDS: off
MetaspaceReclaimPolicy: balanced
 - commit_granule_bytes: 65536.
 - commit_granule_words: 8192.
 - virtual_space_node_default_size: 8388608.
 - enlarge_chunks_in_place: 1.
 - new_chunks_are_fully_committed: 0.
 - uncommit_free_chunks: 1.
 - use_allocation_guard: 0.
 - handle_deallocations: 1.


Internal statistics:

num_allocs_failed_limit: 3.
num_arena_births: 714.
num_arena_deaths: 0.
num_vsnodes_births: 3.
num_vsnodes_deaths: 0.
num_space_committed: 1445.
num_space_uncommitted: 0.
num_chunks_returned_to_freelist: 3.
num_chunks_taken_from_freelist: 3726.
num_chunk_merges: 3.
num_chunk_splits: 2794.
num_chunks_enlarged: 2247.
num_inconsistent_stats: 0.

CodeHeap 'non-profiled nmethods': size=120000Kb used=2611Kb max_used=3028Kb free=117388Kb
 bounds [0x0000018e32cd0000, 0x0000018e32fd0000, 0x0000018e3a200000]
CodeHeap 'profiled nmethods': size=120000Kb used=11297Kb max_used=11717Kb free=108702Kb
 bounds [0x0000018e2b200000, 0x0000018e2bd90000, 0x0000018e32730000]
CodeHeap 'non-nmethods': size=5760Kb used=2410Kb max_used=2441Kb free=3349Kb
 bounds [0x0000018e32730000, 0x0000018e329a0000, 0x0000018e32cd0000]
 total_blobs=6542 nmethods=5608 adapters=846
 compilation: enabled
              stopped_count=0, restarted_count=0
 full_count=0

Compilation events (20 events):
Event: 11.173 Thread 0x0000018e46088810 6495       2       java.util.LinkedHashMap::keysToArray (38 bytes)
Event: 11.173 Thread 0x0000018e46088810 nmethod 6495 0x0000018e2b5e4110 code [0x0000018e2b5e42c0, 0x0000018e2b5e4538]
Event: 11.173 Thread 0x0000018e46088810 6496       2       org.jetbrains.kotlin.types.TypeProjectionImpl::<init> (31 bytes)
Event: 11.173 Thread 0x0000018e46088810 nmethod 6496 0x0000018e2b5e3c10 code [0x0000018e2b5e3dc0, 0x0000018e2b5e3ff8]
Event: 11.207 Thread 0x0000018e46088810 6497       2       org.jetbrains.kotlin.com.intellij.openapi.progress.ProgressIndicatorProvider::checkCanceled (4 bytes)
Event: 11.207 Thread 0x0000018e46088810 nmethod 6497 0x0000018e2b5e3890 code [0x0000018e2b5e3a20, 0x0000018e2b5e3b48]
Event: 11.241 Thread 0x0000018e46088810 6499       2       org.jetbrains.kotlin.com.intellij.lang.impl.PsiBuilderImpl::getTokenType (21 bytes)
Event: 11.242 Thread 0x0000018e46088810 nmethod 6499 0x0000018e2b5e3390 code [0x0000018e2b5e3540, 0x0000018e2b5e3758]
Event: 11.242 Thread 0x0000018e46088810 6500       2       org.jetbrains.kotlin.parsing.SemanticWhitespaceAwarePsiBuilderImpl::getTokenType (22 bytes)
Event: 11.242 Thread 0x0000018e46088810 nmethod 6500 0x0000018e2b5e2b90 code [0x0000018e2b5e2d80, 0x0000018e2b5e30e8]
Event: 11.242 Thread 0x0000018e46088810 6501       2       org.jetbrains.kotlin.com.intellij.lang.impl.PsiBuilderAdapter::getTokenType (10 bytes)
Event: 11.243 Thread 0x0000018e46088810 nmethod 6501 0x0000018e2b5e2810 code [0x0000018e2b5e29a0, 0x0000018e2b5e2ac8]
Event: 11.243 Thread 0x0000018e46088810 6502       2       org.jetbrains.kotlin.parsing.SemanticWhitespaceAwarePsiBuilderImpl::getJoinedTokenType (64 bytes)
Event: 11.243 Thread 0x0000018e46088810 nmethod 6502 0x0000018e2b5e2290 code [0x0000018e2b5e2460, 0x0000018e2b5e26d8]
Event: 11.243 Thread 0x0000018e46088810 6503       1       org.jetbrains.kotlin.it.unimi.dsi.fastutil.ints.IntArrayList::size (5 bytes)
Event: 11.243 Thread 0x0000018e46088810 nmethod 6503 0x0000018e32d2e910 code [0x0000018e32d2eaa0, 0x0000018e32d2eb78]
Event: 11.243 Thread 0x0000018e46088810 6504       1       org.jetbrains.kotlin.com.intellij.psi.impl.source.tree.TreeElement::getTreeNext (5 bytes)
Event: 11.243 Thread 0x0000018e46088810 nmethod 6504 0x0000018e32d2e610 code [0x0000018e32d2e7a0, 0x0000018e32d2e878]
Event: 11.243 Thread 0x0000018e46088810 6505       1       org.jetbrains.kotlin.com.intellij.psi.impl.source.tree.TreeElement::getTreeParent (5 bytes)
Event: 11.243 Thread 0x0000018e46088810 nmethod 6505 0x0000018e32d2e310 code [0x0000018e32d2e4a0, 0x0000018e32d2e578]

GC Heap History (20 events):
Event: 6.989 GC heap after
{Heap after GC invocations=32 (full 0):
 garbage-first heap   total 122880K, used 71634K [0x0000000080000000, 0x0000000100000000)
  region size 1024K, 1 young (1024K), 1 survivors (1024K)
 Metaspace       used 61142K, committed 61760K, reserved 1114112K
  class space    used 8650K, committed 8960K, reserved 1048576K
}
Event: 7.270 GC heap before
{Heap before GC invocations=33 (full 0):
 garbage-first heap   total 128000K, used 95186K [0x0000000080000000, 0x0000000100000000)
  region size 1024K, 25 young (25600K), 1 survivors (1024K)
 Metaspace       used 64430K, committed 65088K, reserved 1114112K
  class space    used 9104K, committed 9408K, reserved 1048576K
}
Event: 7.272 GC heap after
{Heap after GC invocations=34 (full 0):
 garbage-first heap   total 128000K, used 72299K [0x0000000080000000, 0x0000000100000000)
  region size 1024K, 2 young (2048K), 2 survivors (2048K)
 Metaspace       used 64430K, committed 65088K, reserved 1114112K
  class space    used 9104K, committed 9408K, reserved 1048576K
}
Event: 7.646 GC heap before
{Heap before GC invocations=34 (full 0):
 garbage-first heap   total 128000K, used 100971K [0x0000000080000000, 0x0000000100000000)
  region size 1024K, 30 young (30720K), 2 survivors (2048K)
 Metaspace       used 68512K, committed 69184K, reserved 1114112K
  class space    used 9614K, committed 9920K, reserved 1048576K
}
Event: 7.650 GC heap after
{Heap after GC invocations=35 (full 0):
 garbage-first heap   total 128000K, used 72909K [0x0000000080000000, 0x0000000100000000)
  region size 1024K, 2 young (2048K), 2 survivors (2048K)
 Metaspace       used 68512K, committed 69184K, reserved 1114112K
  class space    used 9614K, committed 9920K, reserved 1048576K
}
Event: 7.868 GC heap before
{Heap before GC invocations=36 (full 0):
 garbage-first heap   total 128000K, used 87245K [0x0000000080000000, 0x0000000100000000)
  region size 1024K, 17 young (17408K), 2 survivors (2048K)
 Metaspace       used 71024K, committed 71680K, reserved 1114112K
  class space    used 9944K, committed 10240K, reserved 1048576K
}
Event: 7.871 GC heap after
{Heap after GC invocations=37 (full 0):
 garbage-first heap   total 128000K, used 73115K [0x0000000080000000, 0x0000000100000000)
  region size 1024K, 3 young (3072K), 3 survivors (3072K)
 Metaspace       used 71024K, committed 71680K, reserved 1114112K
  class space    used 9944K, committed 10240K, reserved 1048576K
}
Event: 8.095 GC heap before
{Heap before GC invocations=38 (full 0):
 garbage-first heap   total 140288K, used 111003K [0x0000000080000000, 0x0000000100000000)
  region size 1024K, 33 young (33792K), 3 survivors (3072K)
 Metaspace       used 71377K, committed 72064K, reserved 1114112K
  class space    used 9953K, committed 10240K, reserved 1048576K
}
Event: 8.106 GC heap after
{Heap after GC invocations=39 (full 0):
 garbage-first heap   total 168960K, used 89134K [0x0000000080000000, 0x0000000100000000)
  region size 1024K, 5 young (5120K), 5 survivors (5120K)
 Metaspace       used 71377K, committed 72064K, reserved 1114112K
  class space    used 9953K, committed 10240K, reserved 1048576K
}
Event: 8.710 GC heap before
{Heap before GC invocations=39 (full 0):
 garbage-first heap   total 168960K, used 128046K [0x0000000080000000, 0x0000000100000000)
  region size 1024K, 44 young (45056K), 5 survivors (5120K)
 Metaspace       used 75545K, committed 76160K, reserved 1179648K
  class space    used 10460K, committed 10752K, reserved 1048576K
}
Event: 8.725 GC heap after
{Heap after GC invocations=40 (full 0):
 garbage-first heap   total 168960K, used 85040K [0x0000000080000000, 0x0000000100000000)
  region size 1024K, 6 young (6144K), 6 survivors (6144K)
 Metaspace       used 75545K, committed 76160K, reserved 1179648K
  class space    used 10460K, committed 10752K, reserved 1048576K
}
Event: 9.357 GC heap before
{Heap before GC invocations=41 (full 0):
 garbage-first heap   total 168960K, used 136240K [0x0000000080000000, 0x0000000100000000)
  region size 1024K, 49 young (50176K), 6 survivors (6144K)
 Metaspace       used 80375K, committed 81024K, reserved 1179648K
  class space    used 10915K, committed 11200K, reserved 1048576K
}
Event: 9.371 GC heap after
{Heap after GC invocations=42 (full 0):
 garbage-first heap   total 168960K, used 95376K [0x0000000080000000, 0x0000000100000000)
  region size 1024K, 6 young (6144K), 6 survivors (6144K)
 Metaspace       used 80375K, committed 81024K, reserved 1179648K
  class space    used 10915K, committed 11200K, reserved 1048576K
}
Event: 9.997 GC heap before
{Heap before GC invocations=42 (full 0):
 garbage-first heap   total 168960K, used 134288K [0x0000000080000000, 0x0000000100000000)
  region size 1024K, 44 young (45056K), 6 survivors (6144K)
 Metaspace       used 85176K, committed 85824K, reserved 1179648K
  class space    used 11463K, committed 11776K, reserved 1048576K
}
Event: 10.009 GC heap after
{Heap after GC invocations=43 (full 0):
 garbage-first heap   total 168960K, used 97040K [0x0000000080000000, 0x0000000100000000)
  region size 1024K, 5 young (5120K), 5 survivors (5120K)
 Metaspace       used 85176K, committed 85824K, reserved 1179648K
  class space    used 11463K, committed 11776K, reserved 1048576K
}
Event: 10.757 GC heap before
{Heap before GC invocations=44 (full 0):
 garbage-first heap   total 168960K, used 138000K [0x0000000080000000, 0x0000000100000000)
  region size 1024K, 44 young (45056K), 5 survivors (5120K)
 Metaspace       used 89887K, committed 90560K, reserved 1179648K
  class space    used 12075K, committed 12352K, reserved 1048576K
}
Event: 10.768 GC heap after
{Heap after GC invocations=45 (full 0):
 garbage-first heap   total 168960K, used 100454K [0x0000000080000000, 0x0000000100000000)
  region size 1024K, 5 young (5120K), 5 survivors (5120K)
 Metaspace       used 89887K, committed 90560K, reserved 1179648K
  class space    used 12075K, committed 12352K, reserved 1048576K
}
Event: 10.789 GC heap before
{Heap before GC invocations=45 (full 0):
 garbage-first heap   total 168960K, used 103526K [0x0000000080000000, 0x0000000100000000)
  region size 1024K, 8 young (8192K), 5 survivors (5120K)
 Metaspace       used 89905K, committed 90560K, reserved 1179648K
  class space    used 12075K, committed 12352K, reserved 1048576K
}
Event: 10.796 GC heap after
{Heap after GC invocations=46 (full 0):
 garbage-first heap   total 168960K, used 101018K [0x0000000080000000, 0x0000000100000000)
  region size 1024K, 1 young (1024K), 1 survivors (1024K)
 Metaspace       used 89905K, committed 90560K, reserved 1179648K
  class space    used 12075K, committed 12352K, reserved 1048576K
}
Event: 11.290 GC heap before
{Heap before GC invocations=46 (full 0):
 garbage-first heap   total 168960K, used 138906K [0x0000000080000000, 0x0000000100000000)
  region size 1024K, 38 young (38912K), 1 survivors (1024K)
 Metaspace       used 91914K, committed 92608K, reserved 1179648K
  class space    used 12294K, committed 12608K, reserved 1048576K
}

Dll operation events (3 events):
Event: 0.007 Loaded shared library C:\Program Files\Android\Android Studio\jbr\bin\java.dll
Event: 0.133 Loaded shared library C:\Program Files\Android\Android Studio\jbr\bin\zip.dll
Event: 0.416 Loaded shared library C:\Program Files\Android\Android Studio\jbr\bin\verify.dll

Deoptimization events (20 events):
Event: 9.906 Thread 0x0000018e47dd8910 DEOPT PACKING pc=0x0000018e32fa1670 sp=0x00000031734f4eb0
Event: 9.906 Thread 0x0000018e47dd8910 DEOPT UNPACKING pc=0x0000018e3278a1a3 sp=0x00000031734f4d98 mode 2
Event: 9.913 Thread 0x0000018e47dd8910 Uncommon trap: trap_request=0xffffffc6 fr.pc=0x0000018e32fa478c relative=0x000000000000032c
Event: 9.913 Thread 0x0000018e47dd8910 Uncommon trap: reason=bimorphic_or_optimized_type_check action=maybe_recompile pc=0x0000018e32fa478c method=org.jetbrains.kotlin.protobuf.CodedInputStream.tryRefillBuffer(I)Z @ 177 c2
Event: 9.913 Thread 0x0000018e47dd8910 DEOPT PACKING pc=0x0000018e32fa478c sp=0x00000031734f4780
Event: 9.913 Thread 0x0000018e47dd8910 DEOPT UNPACKING pc=0x0000018e3278a1a3 sp=0x00000031734f46b8 mode 2
Event: 10.508 Thread 0x0000018e47dd8910 Uncommon trap: trap_request=0xffffffdc fr.pc=0x0000018e32d3e5c4 relative=0x0000000000000224
Event: 10.508 Thread 0x0000018e47dd8910 Uncommon trap: reason=class_check action=make_not_entrant pc=0x0000018e32d3e5c4 method=java.util.ArrayList.toArray([Ljava/lang/Object;)[Ljava/lang/Object; @ 21 c2
Event: 10.508 Thread 0x0000018e47dd8910 DEOPT PACKING pc=0x0000018e32d3e5c4 sp=0x00000031734f2ba0
Event: 10.508 Thread 0x0000018e47dd8910 DEOPT UNPACKING pc=0x0000018e3278a1a3 sp=0x00000031734f2b70 mode 2
Event: 10.687 Thread 0x0000018e47dd8910 DEOPT PACKING pc=0x0000018e2b679b54 sp=0x00000031734f2f30
Event: 10.687 Thread 0x0000018e47dd8910 DEOPT UNPACKING pc=0x0000018e3278ace3 sp=0x00000031734f2488 mode 0
Event: 11.082 Thread 0x0000018e47dd8910 Uncommon trap: trap_request=0xffffffc6 fr.pc=0x0000018e32fbb498 relative=0x0000000000000078
Event: 11.082 Thread 0x0000018e47dd8910 Uncommon trap: reason=bimorphic_or_optimized_type_check action=maybe_recompile pc=0x0000018e32fbb498 method=java.util.Collections$UnmodifiableCollection.size()I @ 4 c2
Event: 11.082 Thread 0x0000018e47dd8910 DEOPT PACKING pc=0x0000018e32fbb498 sp=0x00000031734f33c0
Event: 11.082 Thread 0x0000018e47dd8910 DEOPT UNPACKING pc=0x0000018e3278a1a3 sp=0x00000031734f3348 mode 2
Event: 11.082 Thread 0x0000018e47dd8910 Uncommon trap: trap_request=0xffffffc6 fr.pc=0x0000018e32fbb498 relative=0x0000000000000078
Event: 11.082 Thread 0x0000018e47dd8910 Uncommon trap: reason=bimorphic_or_optimized_type_check action=maybe_recompile pc=0x0000018e32fbb498 method=java.util.Collections$UnmodifiableCollection.size()I @ 4 c2
Event: 11.082 Thread 0x0000018e47dd8910 DEOPT PACKING pc=0x0000018e32fbb498 sp=0x00000031734f37a0
Event: 11.082 Thread 0x0000018e47dd8910 DEOPT UNPACKING pc=0x0000018e3278a1a3 sp=0x00000031734f3730 mode 2

Classes unloaded (0 events):
No events

Classes redefined (0 events):
No events

Internal exceptions (20 events):
Event: 6.330 Thread 0x0000018e47dd8910 Exception <a 'java/lang/NoSuchMethodError'{0x00000000868444c8}: 'void java.lang.invoke.DirectMethodHandle$Holder.invokeStatic(java.lang.Object, java.lang.Object, java.lang.Object, java.lang.Object, java.lang.Object, java.lang.Object)'> (0x00000000868444c8) 
thrown [s\src\hotspot\share\interpreter\linkResolver.cpp, line 771]
Event: 6.373 Thread 0x0000018e47dd8910 Exception <a 'java/lang/NoSuchMethodError'{0x000000008626dcf8}: 'java.lang.Object java.lang.invoke.DirectMethodHandle$Holder.invokeStaticInit(java.lang.Object, int)'> (0x000000008626dcf8) 
thrown [s\src\hotspot\share\interpreter\linkResolver.cpp, line 771]
Event: 6.855 Thread 0x0000018e47dd8910 Implicit null exception at 0x0000018e32d12af2 to 0x0000018e32d13130
Event: 6.926 Thread 0x0000018e47dd8910 Implicit null exception at 0x0000018e32d101f2 to 0x0000018e32d10848
Event: 7.058 Thread 0x0000018e47dd8910 Exception <a 'sun/nio/fs/WindowsException'{0x00000000886772b0}> (0x00000000886772b0) 
thrown [s\src\hotspot\share\prims\jni.cpp, line 517]
Event: 7.058 Thread 0x0000018e47dd8910 Exception <a 'sun/nio/fs/WindowsException'{0x0000000088679310}> (0x0000000088679310) 
thrown [s\src\hotspot\share\prims\jni.cpp, line 517]
Event: 7.176 Thread 0x0000018e47dd8910 Exception <a 'java/lang/NoSuchMethodError'{0x0000000086dfe860}: 'long java.lang.invoke.DirectMethodHandle$Holder.invokeStatic(java.lang.Object)'> (0x0000000086dfe860) 
thrown [s\src\hotspot\share\interpreter\linkResolver.cpp, line 771]
Event: 7.176 Thread 0x0000018e47dd8910 Exception <a 'java/lang/NoSuchMethodError'{0x0000000086c03a40}: 'long java.lang.invoke.DirectMethodHandle$Holder.invokeStaticInit(java.lang.Object)'> (0x0000000086c03a40) 
thrown [s\src\hotspot\share\interpreter\linkResolver.cpp, line 771]
Event: 7.234 Thread 0x0000018e47dd8910 Exception <a 'java/lang/NoSuchMethodError'{0x0000000086748d58}: 'long java.lang.invoke.Invokers$Holder.invoke_MT(java.lang.Object, java.lang.Object, java.lang.Object, java.lang.Object)'> (0x0000000086748d58) 
thrown [s\src\hotspot\share\interpreter\linkResolver.cpp, line 771]
Event: 7.235 Thread 0x0000018e47dd8910 Exception <a 'java/lang/NoSuchMethodError'{0x0000000086752100}: 'int java.lang.invoke.Invokers$Holder.invoke_MT(java.lang.Object, java.lang.Object, java.lang.Object, java.lang.Object)'> (0x0000000086752100) 
thrown [s\src\hotspot\share\interpreter\linkResolver.cpp, line 771]
Event: 7.236 Thread 0x0000018e47dd8910 Exception <a 'java/lang/NoSuchMethodError'{0x00000000867629b8}: 'void java.lang.invoke.DelegatingMethodHandle$Holder.reinvoke_L(java.lang.Object, java.lang.Object, java.lang.Object, long, java.lang.Object)'> (0x00000000867629b8) 
thrown [s\src\hotspot\share\interpreter\linkResolver.cpp, line 771]
Event: 7.236 Thread 0x0000018e47dd8910 Exception <a 'java/lang/NoSuchMethodError'{0x000000008676b2e8}: 'java.lang.Object java.lang.invoke.DirectMethodHandle$Holder.invokeSpecial(java.lang.Object, java.lang.Object, java.lang.Object, java.lang.Object, long)'> (0x000000008676b2e8) 
thrown [s\src\hotspot\share\interpreter\linkResolver.cpp, line 771]
Event: 7.237 Thread 0x0000018e47dd8910 Exception <a 'java/lang/NoSuchMethodError'{0x000000008677bd60}: 'int java.lang.invoke.DelegatingMethodHandle$Holder.reinvoke_L(java.lang.Object, java.lang.Object, java.lang.Object, long, java.lang.Object, java.lang.Object)'> (0x000000008677bd60) 
thrown [s\src\hotspot\share\interpreter\linkResolver.cpp, line 771]
Event: 7.238 Thread 0x0000018e47dd8910 Exception <a 'java/lang/NoSuchMethodError'{0x000000008678c098}: 'int java.lang.invoke.DelegatingMethodHandle$Holder.reinvoke_L(java.lang.Object, java.lang.Object, java.lang.Object, long, int, int)'> (0x000000008678c098) 
thrown [s\src\hotspot\share\interpreter\linkResolver.cpp, line 771]
Event: 7.239 Thread 0x0000018e47dd8910 Exception <a 'java/lang/NoSuchMethodError'{0x000000008679bf10}: 'int java.lang.invoke.DelegatingMethodHandle$Holder.reinvoke_L(java.lang.Object, java.lang.Object, java.lang.Object, long, long, long)'> (0x000000008679bf10) 
thrown [s\src\hotspot\share\interpreter\linkResolver.cpp, line 771]
Event: 7.240 Thread 0x0000018e47dd8910 Exception <a 'java/lang/NoSuchMethodError'{0x00000000867aba68}: 'int java.lang.invoke.DelegatingMethodHandle$Holder.reinvoke_L(java.lang.Object, java.lang.Object, java.lang.Object, long, int)'> (0x00000000867aba68) 
thrown [s\src\hotspot\share\interpreter\linkResolver.cpp, line 771]
Event: 7.611 Thread 0x0000018e47dd8910 Exception <a 'java/lang/NoSuchMethodError'{0x00000000862ad098}: 'void java.lang.invoke.DirectMethodHandle$Holder.invokeVirtual(java.lang.Object, java.lang.Object)'> (0x00000000862ad098) 
thrown [s\src\hotspot\share\interpreter\linkResolver.cpp, line 771]
Event: 7.802 Thread 0x0000018e47dd8910 Exception <a 'java/lang/NoSuchMethodError'{0x00000000872edcd0}: 'java.lang.Object java.lang.invoke.Invokers$Holder.invokeExact_MT(java.lang.Object, java.lang.Object, long, java.lang.Object)'> (0x00000000872edcd0) 
thrown [s\src\hotspot\share\interpreter\linkResolver.cpp, line 771]
Event: 7.842 Thread 0x0000018e47dd8910 Exception <a 'java/lang/NoSuchMethodError'{0x0000000086f5fa08}: 'java.lang.Object java.lang.invoke.Invokers$Holder.invoke_MT(java.lang.Object, java.lang.Object, java.lang.Object)'> (0x0000000086f5fa08) 
thrown [s\src\hotspot\share\interpreter\linkResolver.cpp, line 771]
Event: 10.452 Thread 0x0000018e47dd8910 Exception <a 'java/lang/NoSuchMethodError'{0x0000000088c34db0}: 'java.lang.Object java.lang.invoke.DirectMethodHandle$Holder.invokeStatic(java.lang.Object, java.lang.Object, java.lang.Object, java.lang.Object, int)'> (0x0000000088c34db0) 
thrown [s\src\hotspot\share\interpreter\linkResolver.cpp, line 771]

VM Operations (20 events):
Event: 9.795 Executing VM operation: HandshakeAllThreads done
Event: 9.896 Executing VM operation: HandshakeAllThreads
Event: 9.896 Executing VM operation: HandshakeAllThreads done
Event: 9.996 Executing VM operation: G1CollectForAllocation
Event: 10.009 Executing VM operation: G1CollectForAllocation done
Event: 10.076 Executing VM operation: G1PauseRemark
Event: 10.080 Executing VM operation: G1PauseRemark done
Event: 10.101 Executing VM operation: HandshakeAllThreads
Event: 10.101 Executing VM operation: HandshakeAllThreads done
Event: 10.117 Executing VM operation: G1PauseCleanup
Event: 10.117 Executing VM operation: G1PauseCleanup done
Event: 10.526 Executing VM operation: HandshakeAllThreads
Event: 10.526 Executing VM operation: HandshakeAllThreads done
Event: 10.755 Executing VM operation: ICBufferFull
Event: 10.755 Executing VM operation: ICBufferFull done
Event: 10.757 Executing VM operation: G1CollectForAllocation
Event: 10.768 Executing VM operation: G1CollectForAllocation done
Event: 10.789 Executing VM operation: G1CollectForAllocation
Event: 10.796 Executing VM operation: G1CollectForAllocation done
Event: 11.289 Executing VM operation: G1CollectForAllocation

Events (20 events):
Event: 9.734 Thread 0x0000018e46089210 flushing nmethod 0x0000018e2bc5af90
Event: 9.734 Thread 0x0000018e46089210 flushing nmethod 0x0000018e2bc5ba10
Event: 9.734 Thread 0x0000018e46089210 flushing nmethod 0x0000018e2bc5ca10
Event: 9.734 Thread 0x0000018e46089210 flushing nmethod 0x0000018e2bc62310
Event: 9.734 Thread 0x0000018e46089210 flushing nmethod 0x0000018e2bc64c90
Event: 9.734 Thread 0x0000018e46089210 flushing nmethod 0x0000018e2bc97190
Event: 9.964 loading class java/text/StringCharacterIterator
Event: 9.964 loading class java/text/CharacterIterator
Event: 9.964 loading class java/text/CharacterIterator done
Event: 9.964 loading class java/text/StringCharacterIterator done
Event: 10.043 loading class java/io/NotSerializableException
Event: 10.044 loading class java/io/NotSerializableException done
Event: 10.100 loading class java/util/AbstractList$ListItr
Event: 10.101 loading class java/util/AbstractList$ListItr done
Event: 10.359 loading class java/util/function/IntUnaryOperator
Event: 10.359 loading class java/util/function/IntUnaryOperator done
Event: 10.419 loading class java/util/AbstractList$SubList
Event: 10.419 loading class java/util/AbstractList$SubList done
Event: 10.420 loading class java/util/AbstractList$SubList$1
Event: 10.420 loading class java/util/AbstractList$SubList$1 done


Dynamic libraries:
0x00007ff70b600000 - 0x00007ff70b60a000 	C:\Program Files\Android\Android Studio\jbr\bin\java.exe
0x00007fffb2af0000 - 0x00007fffb2d07000 	C:\WINDOWS\SYSTEM32\ntdll.dll
0x00007fffb21e0000 - 0x00007fffb22a4000 	C:\WINDOWS\System32\KERNEL32.DLL
0x00007fffb0260000 - 0x00007fffb060d000 	C:\WINDOWS\System32\KERNELBASE.dll
0x00007fffafe50000 - 0x00007fffaff61000 	C:\WINDOWS\System32\ucrtbase.dll
0x00007fff743f0000 - 0x00007fff74407000 	C:\Program Files\Android\Android Studio\jbr\bin\jli.dll
0x00007fff8f3e0000 - 0x00007fff8f3fb000 	C:\Program Files\Android\Android Studio\jbr\bin\VCRUNTIME140.dll
0x00007fffb1f70000 - 0x00007fffb211e000 	C:\WINDOWS\System32\USER32.dll
0x00007fffb0690000 - 0x00007fffb06b6000 	C:\WINDOWS\System32\win32u.dll
0x00007fffb23b0000 - 0x00007fffb23d9000 	C:\WINDOWS\System32\GDI32.dll
0x00007fff8b320000 - 0x00007fff8b5b3000 	C:\WINDOWS\WinSxS\amd64_microsoft.windows.common-controls_6595b64144ccf1df_6.0.22621.3672_none_2713b9d173822955\COMCTL32.dll
0x00007fffb0140000 - 0x00007fffb0259000 	C:\WINDOWS\System32\gdi32full.dll
0x00007fffb2800000 - 0x00007fffb28a7000 	C:\WINDOWS\System32\msvcrt.dll
0x00007fffb00a0000 - 0x00007fffb013a000 	C:\WINDOWS\System32\msvcp_win.dll
0x00007fffb15d0000 - 0x00007fffb1601000 	C:\WINDOWS\System32\IMM32.DLL
0x00007fff8f370000 - 0x00007fff8f37c000 	C:\Program Files\Android\Android Studio\jbr\bin\vcruntime140_1.dll
0x00007fff802c0000 - 0x00007fff8034d000 	C:\Program Files\Android\Android Studio\jbr\bin\msvcp140.dll
0x00007fff54c70000 - 0x00007fff558f3000 	C:\Program Files\Android\Android Studio\jbr\bin\server\jvm.dll
0x00007fffb28b0000 - 0x00007fffb2962000 	C:\WINDOWS\System32\ADVAPI32.dll
0x00007fffb2120000 - 0x00007fffb21c9000 	C:\WINDOWS\System32\sechost.dll
0x00007fffafe20000 - 0x00007fffafe48000 	C:\WINDOWS\System32\bcrypt.dll
0x00007fffb1690000 - 0x00007fffb17a4000 	C:\WINDOWS\System32\RPCRT4.dll
0x00007fffa73a0000 - 0x00007fffa73a9000 	C:\WINDOWS\SYSTEM32\WSOCK32.dll
0x00007fffafce0000 - 0x00007fffafd2d000 	C:\WINDOWS\SYSTEM32\POWRPROF.dll
0x00007fffb22b0000 - 0x00007fffb2321000 	C:\WINDOWS\System32\WS2_32.dll
0x00007fffa9e70000 - 0x00007fffa9ea4000 	C:\WINDOWS\SYSTEM32\WINMM.dll
0x00007fffa74f0000 - 0x00007fffa74fa000 	C:\WINDOWS\SYSTEM32\VERSION.dll
0x00007fffafc10000 - 0x00007fffafc23000 	C:\WINDOWS\SYSTEM32\UMPDC.dll
0x00007fffaee50000 - 0x00007fffaee68000 	C:\WINDOWS\SYSTEM32\kernel.appcore.dll
0x00007fff929a0000 - 0x00007fff929aa000 	C:\Program Files\Android\Android Studio\jbr\bin\jimage.dll
0x00007fffad6a0000 - 0x00007fffad8d2000 	C:\WINDOWS\SYSTEM32\DBGHELP.DLL
0x00007fffb17b0000 - 0x00007fffb1b38000 	C:\WINDOWS\System32\combase.dll
0x00007fffb2970000 - 0x00007fffb2a47000 	C:\WINDOWS\System32\OLEAUT32.dll
0x00007fff8fc60000 - 0x00007fff8fc92000 	C:\WINDOWS\SYSTEM32\dbgcore.DLL
0x00007fffb0610000 - 0x00007fffb068b000 	C:\WINDOWS\System32\bcryptPrimitives.dll
0x00007fff74dd0000 - 0x00007fff74dde000 	C:\Program Files\Android\Android Studio\jbr\bin\instrument.dll
0x00007fff85580000 - 0x00007fff855a5000 	C:\Program Files\Android\Android Studio\jbr\bin\java.dll
0x00007fff8a2c0000 - 0x00007fff8a2d8000 	C:\Program Files\Android\Android Studio\jbr\bin\zip.dll
0x00007fffb08f0000 - 0x00007fffb114f000 	C:\WINDOWS\System32\SHELL32.dll
0x00007fffadd70000 - 0x00007fffae66c000 	C:\WINDOWS\SYSTEM32\windows.storage.dll
0x00007fffadc30000 - 0x00007fffadd6f000 	C:\WINDOWS\SYSTEM32\wintypes.dll
0x00007fffb2400000 - 0x00007fffb24f4000 	C:\WINDOWS\System32\SHCORE.dll
0x00007fffb0830000 - 0x00007fffb088e000 	C:\WINDOWS\System32\shlwapi.dll
0x00007fffafd50000 - 0x00007fffafd71000 	C:\WINDOWS\SYSTEM32\profapi.dll
0x00007fff89eb0000 - 0x00007fff89ec9000 	C:\Program Files\Android\Android Studio\jbr\bin\net.dll
0x00007fffab7d0000 - 0x00007fffab906000 	C:\WINDOWS\SYSTEM32\WINHTTP.dll
0x00007fffaf2c0000 - 0x00007fffaf329000 	C:\WINDOWS\system32\mswsock.dll
0x00007fff78af0000 - 0x00007fff78b06000 	C:\Program Files\Android\Android Studio\jbr\bin\nio.dll
0x00007fff770a0000 - 0x00007fff770b0000 	C:\Program Files\Android\Android Studio\jbr\bin\verify.dll
0x00007fff929b0000 - 0x00007fff929d7000 	C:\Users\User\.gradle\native\c067742578af261105cb4f569cf0c3c89f3d7b1fecec35dd04571415982c5e48\windows-amd64\native-platform.dll
0x00007fff80170000 - 0x00007fff802b4000 	C:\Users\User\.gradle\native\38dada09dfb8b06ba9b0570ebf7e218e3eb74d4ef43ca46872605cf95ebc2f47\windows-amd64\native-platform-file-events.dll
0x00007fff7a9b0000 - 0x00007fff7a9b9000 	C:\Program Files\Android\Android Studio\jbr\bin\management.dll
0x00007fff78140000 - 0x00007fff7814b000 	C:\Program Files\Android\Android Studio\jbr\bin\management_ext.dll
0x00007fffb23a0000 - 0x00007fffb23a8000 	C:\WINDOWS\System32\PSAPI.DLL
0x00007fffaf530000 - 0x00007fffaf54b000 	C:\WINDOWS\SYSTEM32\CRYPTSP.dll
0x00007fffaedb0000 - 0x00007fffaede5000 	C:\WINDOWS\system32\rsaenh.dll
0x00007fffaf3c0000 - 0x00007fffaf3e8000 	C:\WINDOWS\SYSTEM32\USERENV.dll
0x00007fffaf520000 - 0x00007fffaf52c000 	C:\WINDOWS\SYSTEM32\CRYPTBASE.dll
0x00007fffae8c0000 - 0x00007fffae8ed000 	C:\WINDOWS\SYSTEM32\IPHLPAPI.DLL
0x00007fffb1c50000 - 0x00007fffb1c59000 	C:\WINDOWS\System32\NSI.dll
0x00007fffab700000 - 0x00007fffab719000 	C:\WINDOWS\SYSTEM32\dhcpcsvc6.DLL
0x00007fffab6c0000 - 0x00007fffab6df000 	C:\WINDOWS\SYSTEM32\dhcpcsvc.DLL
0x00007fffae8f0000 - 0x00007fffae9e8000 	C:\WINDOWS\SYSTEM32\DNSAPI.dll
0x00007fff8dbf0000 - 0x00007fff8dbf9000 	C:\Program Files\Android\Android Studio\jbr\bin\extnet.dll
0x00007fff232e0000 - 0x00007fff232e8000 	C:\WINDOWS\system32\wshunix.dll

dbghelp: loaded successfully - version: 4.0.5 - missing functions: none
symbol engine: initialized successfully - sym options: 0x614 - pdb path: .;C:\Program Files\Android\Android Studio\jbr\bin;C:\WINDOWS\SYSTEM32;C:\WINDOWS\WinSxS\amd64_microsoft.windows.common-controls_6595b64144ccf1df_6.0.22621.3672_none_2713b9d173822955;C:\Program Files\Android\Android Studio\jbr\bin\server;C:\Users\User\.gradle\native\c067742578af261105cb4f569cf0c3c89f3d7b1fecec35dd04571415982c5e48\windows-amd64;C:\Users\User\.gradle\native\38dada09dfb8b06ba9b0570ebf7e218e3eb74d4ef43ca46872605cf95ebc2f47\windows-amd64

VM Arguments:
jvm_args: --add-opens=java.base/java.util=ALL-UNNAMED --add-opens=java.base/java.lang=ALL-UNNAMED --add-opens=java.base/java.lang.invoke=ALL-UNNAMED --add-opens=java.prefs/java.util.prefs=ALL-UNNAMED --add-opens=java.base/java.nio.charset=ALL-UNNAMED --add-opens=java.base/java.net=ALL-UNNAMED --add-opens=java.base/java.util.concurrent.atomic=ALL-UNNAMED -Xmx2048m -Dfile.encoding=UTF-8 -Duser.country=IN -Duser.language=en -Duser.variant -javaagent:C:\Users\User\.gradle\wrapper\dists\gradle-8.7-bin\bhs2wmbdwecv87pi65oeuq5iu\gradle-8.7\lib\agents\gradle-instrumentation-agent-8.7.jar 
java_command: org.gradle.launcher.daemon.bootstrap.GradleDaemon 8.7
java_class_path (initial): C:\Users\User\.gradle\wrapper\dists\gradle-8.7-bin\bhs2wmbdwecv87pi65oeuq5iu\gradle-8.7\lib\gradle-launcher-8.7.jar
Launcher Type: SUN_STANDARD

[Global flags]
     intx CICompilerCount                          = 4                                         {product} {ergonomic}
     uint ConcGCThreads                            = 2                                         {product} {ergonomic}
     uint G1ConcRefinementThreads                  = 8                                         {product} {ergonomic}
   size_t G1HeapRegionSize                         = 1048576                                   {product} {ergonomic}
    uintx GCDrainStackTargetSize                   = 64                                        {product} {ergonomic}
   size_t InitialHeapSize                          = 197132288                                 {product} {ergonomic}
   size_t MarkStackSize                            = 4194304                                   {product} {ergonomic}
   size_t MaxHeapSize                              = 2147483648                                {product} {command line}
   size_t MaxNewSize                               = 1287651328                                {product} {ergonomic}
   size_t MinHeapDeltaBytes                        = 1048576                                   {product} {ergonomic}
   size_t MinHeapSize                              = 8388608                                   {product} {ergonomic}
    uintx NonNMethodCodeHeapSize                   = 5839372                                {pd product} {ergonomic}
    uintx NonProfiledCodeHeapSize                  = 122909434                              {pd product} {ergonomic}
    uintx ProfiledCodeHeapSize                     = 122909434                              {pd product} {ergonomic}
    uintx ReservedCodeCacheSize                    = 251658240                              {pd product} {ergonomic}
     bool SegmentedCodeCache                       = true                                      {product} {ergonomic}
   size_t SoftMaxHeapSize                          = 2147483648                             {manageable} {ergonomic}
     bool UseCompressedClassPointers               = true                           {product lp64_product} {ergonomic}
     bool UseCompressedOops                        = true                           {product lp64_product} {ergonomic}
     bool UseG1GC                                  = true                                      {product} {ergonomic}
     bool UseLargePagesIndividualAllocation        = false                                  {pd product} {ergonomic}

Logging:
Log output configuration:
 #0: stdout all=warning uptime,level,tags
 #1: stderr all=off uptime,level,tags

Environment Variables:
PATH=C:\Program Files\Common Files\Oracle\Java\javapath;C:\WINDOWS\system32;C:\WINDOWS;C:\WINDOWS\System32\Wbem;C:\WINDOWS\System32\WindowsPowerShell\v1.0\;C:\WINDOWS\System32\OpenSSH\;C:\msys64\mingw64\bin;C:\Program Files\Git\cmd;C:\Program Files\nodejs\;C:\Users\User\AppData\Local\Microsoft\WindowsApps;C:\Users\User\AppData\Roaming\npm;C:\flutter\bin;C:\Users\User\AppData\Local\Programs\Microsoft VS Code\bin
USERNAME=User
OS=Windows_NT
PROCESSOR_IDENTIFIER=Intel64 Family 6 Model 140 Stepping 2, GenuineIntel
TMP=C:\Users\User\AppData\Local\Temp
TEMP=C:\Users\User\AppData\Local\Temp



Periodic native trim disabled

JNI global refs:
JNI global refs: 26, weak refs: 24

JNI global refs memory usage: 843, weak refs: 841

OOME stack traces (most recent first):
Classloader memory used:
Loader org.gradle.internal.classloader.VisitableURLClassLoader                         : 7922K
Loader bootstrap                                                                       : 2471K
Loader org.gradle.initialization.MixInLegacyTypesClassLoader                           : 769K
Loader org.gradle.internal.classloader.VisitableURLClassLoader                         : 79712B
Loader org.gradle.internal.classloader.VisitableURLClassLoader$InstrumentingVisitableURLClassLoader: 74380B
Loader jdk.internal.loader.ClassLoaders$PlatformClassLoader                            : 66197B
Loader jdk.internal.jrtfs.JrtFileSystemProvider$JrtFsLoader                            : 40283B
Loader jdk.internal.loader.ClassLoaders$AppClassLoader                                 : 28721B
Loader jdk.internal.reflect.DelegatingClassLoader                                      : 27211B
Loader org.gradle.groovy.scripts.internal.DefaultScriptCompilationHandler$ScriptClassLoader: 10986B
Loader org.codehaus.groovy.runtime.callsite.CallSiteClassLoader                        : 5853B

Classes loaded by more than one classloader:
Class org.gradle.api.GradleException                                                  : loaded 3 times (x 80B)
Class org.gradle.util.GradleVersion                                                   : loaded 2 times (x 81B)
Class org.jetbrains.plugins.gradle.model.MavenRepositoryModel                         : loaded 2 times (x 68B)
Class org.gradle.internal.classpath.ClassPath                                         : loaded 2 times (x 68B)
Class org.gradle.api.internal.classpath.DefaultModuleRegistry                         : loaded 2 times (x 84B)
Class org.gradle.internal.exceptions.NonGradleCauseExceptionsHolder                   : loaded 2 times (x 68B)
Class jdk.internal.jimage.BasicImageReader$1                                          : loaded 2 times (x 75B)
Class org.gradle.api.Action                                                           : loaded 2 times (x 68B)
Class jdk.internal.jimage.ImageBufferCache$1                                          : loaded 2 times (x 78B)
Class jdk.internal.jimage.ImageBufferCache$2                                          : loaded 2 times (x 89B)
Class org.gradle.api.internal.DefaultClassPathProvider                                : loaded 2 times (x 74B)
Class org.gradle.internal.installation.GradleInstallation$1                           : loaded 2 times (x 73B)
Class jdk.internal.jrtfs.SystemImage$1                                                : loaded 2 times (x 76B)
Class jdk.internal.jrtfs.SystemImage$2                                                : loaded 2 times (x 74B)
Class org.gradle.internal.exceptions.DefaultMultiCauseException                       : loaded 2 times (x 93B)
Class org.gradle.internal.time.MonotonicClock                                         : loaded 2 times (x 75B)
Class org.gradle.internal.classloader.FilteringClassLoader                            : loaded 2 times (x 103B)
Class jdk.internal.jimage.ImageReader$Resource                                        : loaded 2 times (x 82B)
Class jdk.internal.jrtfs.SystemImage                                                  : loaded 2 times (x 72B)
Class org.gradle.internal.classpath.DefaultClassPath$ImmutableUniqueList$Builder      : loaded 2 times (x 73B)
Class jdk.internal.jrtfs.JrtDirectoryStream$1                                         : loaded 2 times (x 81B)
Class org.gradle.internal.classloader.ClassLoaderVisitor                              : loaded 2 times (x 74B)
Class org.gradle.internal.time.DefaultCountdownTimer                                  : loaded 2 times (x 86B)
Class org.gradle.internal.service.DefaultServiceLocator                               : loaded 2 times (x 81B)
Class org.gradle.internal.service.UnknownServiceException                             : loaded 2 times (x 81B)
Class org.gradle.internal.classloader.DefaultClassLoaderFactory                       : loaded 2 times (x 80B)
Class jdk.internal.jimage.ImageReader$SharedImageReader                               : loaded 2 times (x 93B)
Class jdk.internal.jimage.decompressor.ZipDecompressorFactory                         : loaded 2 times (x 72B)
Class org.gradle.internal.classloader.VisitableURLClassLoader$Spec                    : loaded 2 times (x 72B)
Class org.gradle.tooling.model.ProjectModel                                           : loaded 2 times (x 68B)
Class org.gradle.internal.installation.GradleInstallation                             : loaded 2 times (x 73B)
Class org.gradle.api.internal.classpath.ModuleRegistry                                : loaded 2 times (x 68B)
Class org.jetbrains.plugins.gradle.model.RepositoriesModel                            : loaded 2 times (x 68B)
Class kotlin.jvm.internal.markers.KMappedMarker                                       : loaded 2 times (x 68B)
Class org.gradle.api.internal.ClassPathProvider                                       : loaded 2 times (x 68B)
Class org.gradle.internal.classloader.ClasspathUtil$1                                 : loaded 2 times (x 74B)
Class org.gradle.internal.classloader.ClassLoaderFactory                              : loaded 2 times (x 68B)
Class jdk.internal.jimage.ImageHeader                                                 : loaded 2 times (x 69B)
Class org.gradle.api.internal.classpath.ManifestUtil                                  : loaded 2 times (x 69B)
Class org.gradle.api.specs.Spec                                                       : loaded 2 times (x 68B)
Class org.gradle.internal.IoActions                                                   : loaded 2 times (x 69B)
Class jdk.internal.jimage.decompressor.StringSharingDecompressorFactory               : loaded 2 times (x 72B)
Class org.gradle.api.internal.classpath.EffectiveClassPath                            : loaded 2 times (x 88B)
Class kotlin.jvm.internal.DefaultConstructorMarker                                    : loaded 2 times (x 69B)
Class org.gradle.internal.exceptions.ResolutionProvider                               : loaded 2 times (x 68B)
Class org.gradle.internal.installation.CurrentGradleInstallation                      : loaded 2 times (x 71B)
Class org.gradle.internal.agents.InstrumentingClassLoader                             : loaded 2 times (x 68B)
Class org.gradle.internal.installation.CurrentGradleInstallationLocator               : loaded 2 times (x 69B)
Class org.gradle.api.internal.classpath.Module                                        : loaded 2 times (x 68B)
Class org.gradle.internal.service.CachingServiceLocator                               : loaded 2 times (x 80B)
Class org.gradle.internal.time.Timer                                                  : loaded 2 times (x 68B)
Class org.gradle.internal.classpath.DefaultClassPath                                  : loaded 2 times (x 88B)
Class jdk.internal.jimage.BasicImageReader                                            : loaded 2 times (x 93B)
Class jdk.internal.jimage.ImageLocation                                               : loaded 2 times (x 88B)
Class kotlin.jvm.functions.Function1                                                  : loaded 2 times (x 68B)
Class jdk.internal.jimage.ImageReader$Node                                            : loaded 2 times (x 82B)
Class org.gradle.internal.time.Time                                                   : loaded 2 times (x 69B)
Class jdk.internal.jimage.decompressor.CompressedResourceHeader                       : loaded 2 times (x 69B)
Class org.gradle.internal.time.TimeSource$1                                           : loaded 2 times (x 75B)
Class jdk.internal.jrtfs.JrtPath                                                      : loaded 2 times (x 116B)
Class jdk.internal.jimage.ImageStrings                                                : loaded 2 times (x 68B)
Class jdk.internal.jrtfs.JrtFileAttributes                                            : loaded 2 times (x 81B)
Class org.gradle.internal.classloader.SystemClassLoaderSpec                           : loaded 2 times (x 69B)
Class jdk.internal.jimage.decompressor.ResourceDecompressorRepository                 : loaded 2 times (x 69B)
Class kotlin.Function                                                                 : loaded 2 times (x 68B)
Class org.gradle.api.UncheckedIOException                                             : loaded 2 times (x 80B)
Class jdk.internal.jimage.decompressor.ResourceDecompressor$StringsProvider           : loaded 2 times (x 68B)
Class jdk.internal.jimage.decompressor.Decompressor                                   : loaded 2 times (x 70B)
Class jdk.internal.jrtfs.JrtFileSystem                                                : loaded 2 times (x 100B)
Class sync_studio_tooling_4e8zno85x2sfhw2j82yp1nol9$_run_closure1                     : loaded 2 times (x 137B)
Class jdk.internal.jrtfs.JrtFileSystemProvider                                        : loaded 2 times (x 97B)
Class org.gradle.internal.time.CountdownTimer                                         : loaded 2 times (x 68B)
Class org.gradle.internal.time.Clock                                                  : loaded 2 times (x 68B)
Class org.gradle.internal.classloader.ClasspathUtil                                   : loaded 2 times (x 69B)
Class jdk.internal.jrtfs.JrtDirectoryStream                                           : loaded 2 times (x 87B)
Class jdk.internal.jimage.decompressor.ResourceDecompressor                           : loaded 2 times (x 68B)
Class org.gradle.api.internal.DefaultClassPathRegistry                                : loaded 2 times (x 74B)
Class org.gradle.api.internal.classpath.DefaultModuleRegistry$DefaultModule           : loaded 2 times (x 84B)
Class org.gradle.internal.time.TimeSource                                             : loaded 2 times (x 68B)
Class org.gradle.api.internal.classpath.UnknownModuleException                        : loaded 2 times (x 80B)
Class org.gradle.internal.service.ServiceLookupException                              : loaded 2 times (x 80B)
Class jdk.internal.jimage.ImageStringsReader                                          : loaded 2 times (x 78B)
Class org.gradle.cache.GlobalCache                                                    : loaded 2 times (x 68B)
Class jdk.internal.jimage.decompressor.ResourceDecompressorFactory                    : loaded 2 times (x 72B)
Class [Lorg.gradle.api.internal.ClassPathProvider;                                    : loaded 2 times (x 67B)
Class jdk.internal.jimage.ImageReader$SharedImageReader$LocationVisitor               : loaded 2 times (x 68B)
Class org.gradle.internal.operations.MultipleBuildOperationFailures                   : loaded 2 times (x 93B)
Class org.gradle.util.internal.GUtil                                                  : loaded 2 times (x 69B)
Class jdk.internal.jimage.decompressor.ZipDecompressor                                : loaded 2 times (x 73B)
Class org.gradle.internal.classloader.ClassLoaderSpec                                 : loaded 2 times (x 69B)
Class ijInit1_35dm7hl684e41ngwa7vmcdovq                                               : loaded 2 times (x 177B)
Class org.gradle.internal.classloader.VisitableURLClassLoader                         : loaded 2 times (x 115B)
Class org.gradle.internal.Cast                                                        : loaded 2 times (x 69B)
Class org.gradle.api.internal.ClassPathRegistry                                       : loaded 2 times (x 68B)
Class org.gradle.internal.classloader.VisitableURLClassLoader$InstrumentingVisitableURLClassLoader: loaded 2 times (x 121B)
Class org.gradle.internal.classloader.ClassLoaderHierarchy                            : loaded 2 times (x 68B)
Class org.gradle.internal.exceptions.MultiCauseException                              : loaded 2 times (x 68B)
Class jdk.internal.jimage.ImageReader                                                 : loaded 2 times (x 73B)
Class org.gradle.internal.InternalTransformer                                         : loaded 2 times (x 68B)
Class org.gradle.internal.service.ServiceLocator                                      : loaded 2 times (x 68B)
Class org.gradle.internal.classpath.DefaultClassPath$ImmutableUniqueList              : loaded 2 times (x 159B)
Class jdk.internal.jimage.ImageBufferCache                                            : loaded 2 times (x 69B)
Class org.gradle.internal.time.DefaultTimer                                           : loaded 2 times (x 78B)
Class org.gradle.internal.classpath.TransformedClassPath                              : loaded 2 times (x 94B)
Class jdk.internal.jimage.ImageReader$Directory                                       : loaded 2 times (x 82B)
Class sync_studio_tooling_4e8zno85x2sfhw2j82yp1nol9                                   : loaded 2 times (x 177B)


---------------  S Y S T E M  ---------------

OS:
 Windows 11 , 64 bit Build 22621 (10.0.22621.3672)
OS uptime: 0 days 0:57 hours

CPU: total 8 (initial active 8) (4 cores per cpu, 2 threads per core) family 6 model 140 stepping 2 microcode 0x34, cx8, cmov, fxsr, ht, mmx, 3dnowpref, sse, sse2, sse3, ssse3, sse4.1, sse4.2, popcnt, lzcnt, tsc, tscinvbit, avx, avx2, aes, erms, clmul, bmi1, bmi2, adx, avx512f, avx512dq, avx512cd, avx512bw, avx512vl, sha, fma, vzeroupper, avx512_vpopcntdq, avx512_vpclmulqdq, avx512_vaes, avx512_vnni, clflush, clflushopt, clwb, avx512_vbmi2, avx512_vbmi
Processor Information for processor 0
  Max Mhz: 2496, Current Mhz: 2496, Mhz Limit: 2496
Processor Information for processor 1
  Max Mhz: 2496, Current Mhz: 2496, Mhz Limit: 2496
Processor Information for processor 2
  Max Mhz: 2496, Current Mhz: 2496, Mhz Limit: 2496
Processor Information for processor 3
  Max Mhz: 2496, Current Mhz: 2496, Mhz Limit: 2496
Processor Information for processor 4
  Max Mhz: 2496, Current Mhz: 1497, Mhz Limit: 2496
Processor Information for processor 5
  Max Mhz: 2496, Current Mhz: 2496, Mhz Limit: 2496
Processor Information for processor 6
  Max Mhz: 2496, Current Mhz: 1497, Mhz Limit: 2496
Processor Information for processor 7
  Max Mhz: 2496, Current Mhz: 2496, Mhz Limit: 2496

Memory: 4k page, system-wide physical 11930M (261M free)
TotalPageFile size 14522M (AvailPageFile size 83M)
current process WorkingSet (physical memory assigned to process): 380M, peak: 382M
current process commit charge ("private bytes"): 437M, peak: 577M

vm_info: OpenJDK 64-Bit Server VM (17.0.10+0--11609105) for windows-amd64 JRE (17.0.10+0--11609105), built on Mar 21 2024 19:10:56 by "androidbuild" with MS VC++ 16.10 / 16.11 (VS2019)

END.
